CONNECTED(00000005)
---
Certificate chain
 0 s:/OU=Domain Control Validated/OU=COMODO SSL Unified Communications/CN=1000-sans.badssl.com
   i:/C=GB/ST=Greater Manchester/L=Salford/O=COMODO CA Limited/CN=COMODO RSA Domain Validation Secure Server CA
 1 s:/C=GB/ST=Greater Manchester/L=Salford/O=COMODO CA Limited/CN=COMODO RSA Domain Validation Secure Server CA
   i:/C=GB/ST=Greater Manchester/L=Salford/O=COMODO CA Limited/CN=COMODO RSA Certification Authority
 2 s:/C=GB/ST=Greater Manchester/L=Salford/O=COMODO CA Limited/CN=COMODO RSA Certification Authority
   i:/C=SE/O=AddTrust AB/OU=AddTrust External TTP Network/CN=AddTrust External CA Root
 3 s:/C=SE/O=AddTrust AB/OU=AddTrust External TTP Network/CN=AddTrust External CA Root
   i:/C=SE/O=AddTrust AB/OU=AddTrust External TTP Network/CN=AddTrust External CA Root
---
Server certificate
-----BEGIN CERTIFICATE-----
MIJuVjCCbT6gAwIBAgIQf2ZUVoxxwx3D+fP3YeaGoDANBgkqhkiG9w0BAQsFADCB
kDELMAkGA1UEBhMCR0IxGzAZBgNVBAgTEkdyZWF0ZXIgTWFuY2hlc3RlcjEQMA4G
A1UEBxMHU2FsZm9yZDEaMBgGA1UEChMRQ09NT0RPIENBIExpbWl0ZWQxNjA0BgNV
BAMTLUNPTU9ETyBSU0EgRG9tYWluIFZhbGlkYXRpb24gU2VjdXJlIFNlcnZlciBD
QTAeFw0xNTExMTgwMDAwMDBaFw0xOTAyMTcyMzU5NTlaMG4xITAfBgNVBAsTGERv
bWFpbiBDb250cm9sIFZhbGlkYXRlZDEqMCgGA1UECxMhQ09NT0RPIFNTTCBVbmlm
aWVkIENvbW11bmljYXRpb25zMR0wGwYDVQQDExQxMDAwLXNhbnMuYmFkc3NsLmNv
bTCCASIwDQYJKoZIhvcNAQEBBQADggEPADCCAQoCggEBAMIE7PiM7gTCs9hQ1XBY
zJMY61yoaEmwIrX5lZ6xKyx2PmzAS2BMTOqytMAPgLaw+XLJhgL5XEFdEyt/ccRL
vOmULlA3pmccYYz2QULFRtMWhyefdOsKnRFSJiFzbIRMeVXk0WvoBj1IFVKtsyjb
qv9u/2CVSndrOfEk0TG23U3AxPxTuW1CrbV8/q71FdIzSOciccfCFHpsKOo3St/q
bLVytH5aohbcabFXRNsKEqveww9HdFxBIuGa+RuT5q0iBikusbpJHAwnnqP7i/dA
cgCskgjZjFeEU4EFy+b+a1SYQCeFxxC7c3DvaRhBB0VVfPlkPz0sw6l865MaTIbR
yoUCAwEAAaOCasswgmrHMB8GA1UdIwQYMBaAFJCvajqUWgvYkOoSVnPfQ7Q6KNrn
MB0GA1UdDgQWBBSd7sF7gQs6R2lxGH0RN5O8pRs/+zAOBgNVHQ8BAf8EBAMCBaAw
DAYDVR0TAQH/BAIwADAdBgNVHSUEFjAUBggrBgEFBQcDAQYIKwYBBQUHAwIwTwYD
VR0gBEgwRjA6BgsrBgEEAbIxAQICBzArMCkGCCsGAQUFBwIBFh1odHRwczovL3Nl
Y3VyZS5jb21vZG8uY29tL0NQUzAIBgZngQwBAgEwVAYDVR0fBE0wSzBJoEegRYZD
aHR0cDovL2NybC5jb21vZG9jYS5jb20vQ09NT0RPUlNBRG9tYWluVmFsaWRhdGlv
blNlY3VyZVNlcnZlckNBLmNybDCBhQYIKwYBBQUHAQEEeTB3ME8GCCsGAQUFBzAC
hkNodHRwOi8vY3J0LmNvbW9kb2NhLmNvbS9DT01PRE9SU0FEb21haW5WYWxpZGF0
aW9uU2VjdXJlU2VydmVyQ0EuY3J0MCQGCCsGAQUFBzABhhhodHRwOi8vb2NzcC5j
b21vZG9jYS5jb20wgmkXBgNVHREEgmkOMIJpCoIUMTAwMC1zYW5zLmJhZHNzbC5j
b22CGHdvd21vYXJob3N0MTAuYmFkc3NsLmNvbYIZd293bW9hcmhvc3QxMDAuYmFk
c3NsLmNvbYIad293bW9hcmhvc3QxMDAwLmJhZHNzbC5jb22CGXdvd21vYXJob3N0
MTAxLmJhZHNzbC5jb22CGXdvd21vYXJob3N0MTAyLmJhZHNzbC5jb22CGXdvd21v
YXJob3N0MTAzLmJhZHNzbC5jb22CGXdvd21vYXJob3N0MTA0LmJhZHNzbC5jb22C
GXdvd21vYXJob3N0MTA1LmJhZHNzbC5jb22CGXdvd21vYXJob3N0MTA2LmJhZHNz
bC5jb22CGXdvd21vYXJob3N0MTA3LmJhZHNzbC5jb22CGXdvd21vYXJob3N0MTA4
LmJhZHNzbC5jb22CGXdvd21vYXJob3N0MTA5LmJhZHNzbC5jb22CGHdvd21vYXJo
b3N0MTEuYmFkc3NsLmNvbYIZd293bW9hcmhvc3QxMTAuYmFkc3NsLmNvbYIZd293
bW9hcmhvc3QxMTEuYmFkc3NsLmNvbYIZd293bW9hcmhvc3QxMTIuYmFkc3NsLmNv
bYIZd293bW9hcmhvc3QxMTMuYmFkc3NsLmNvbYIZd293bW9hcmhvc3QxMTQuYmFk
c3NsLmNvbYIZd293bW9hcmhvc3QxMTUuYmFkc3NsLmNvbYIZd293bW9hcmhvc3Qx
MTYuYmFkc3NsLmNvbYIZd293bW9hcmhvc3QxMTcuYmFkc3NsLmNvbYIZd293bW9h
cmhvc3QxMTguYmFkc3NsLmNvbYIZd293bW9hcmhvc3QxMTkuYmFkc3NsLmNvbYIY
d293bW9hcmhvc3QxMi5iYWRzc2wuY29tghl3b3dtb2FyaG9zdDEyMC5iYWRzc2wu
Y29tghl3b3dtb2FyaG9zdDEyMS5iYWRzc2wuY29tghl3b3dtb2FyaG9zdDEyMi5i
YWRzc2wuY29tghl3b3dtb2FyaG9zdDEyMy5iYWRzc2wuY29tghl3b3dtb2FyaG9z
dDEyNC5iYWRzc2wuY29tghl3b3dtb2FyaG9zdDEyNS5iYWRzc2wuY29tghl3b3dt
b2FyaG9zdDEyNi5iYWRzc2wuY29tghl3b3dtb2FyaG9zdDEyNy5iYWRzc2wuY29t
ghl3b3dtb2FyaG9zdDEyOC5iYWRzc2wuY29tghl3b3dtb2FyaG9zdDEyOS5iYWRz
c2wuY29tghh3b3dtb2FyaG9zdDEzLmJhZHNzbC5jb22CGXdvd21vYXJob3N0MTMw
LmJhZHNzbC5jb22CGXdvd21vYXJob3N0MTMxLmJhZHNzbC5jb22CGXdvd21vYXJo
b3N0MTMyLmJhZHNzbC5jb22CGXdvd21vYXJob3N0MTMzLmJhZHNzbC5jb22CGXdv
d21vYXJob3N0MTM0LmJhZHNzbC5jb22CGXdvd21vYXJob3N0MTM1LmJhZHNzbC5j
b22CGXdvd21vYXJob3N0MTM2LmJhZHNzbC5jb22CGXdvd21vYXJob3N0MTM3LmJh
ZHNzbC5jb22CGXdvd21vYXJob3N0MTM4LmJhZHNzbC5jb22CGXdvd21vYXJob3N0
MTM5LmJhZHNzbC5jb22CGHdvd21vYXJob3N0MTQuYmFkc3NsLmNvbYIZd293bW9h
cmhvc3QxNDAuYmFkc3NsLmNvbYIZd293bW9hcmhvc3QxNDEuYmFkc3NsLmNvbYIZ
d293bW9hcmhvc3QxNDIuYmFkc3NsLmNvbYIZd293bW9hcmhvc3QxNDMuYmFkc3Ns
LmNvbYIZd293bW9hcmhvc3QxNDQuYmFkc3NsLmNvbYIZd293bW9hcmhvc3QxNDUu
YmFkc3NsLmNvbYIZd293bW9hcmhvc3QxNDYuYmFkc3NsLmNvbYIZd293bW9hcmhv
c3QxNDcuYmFkc3NsLmNvbYIZd293bW9hcmhvc3QxNDguYmFkc3NsLmNvbYIZd293
bW9hcmhvc3QxNDkuYmFkc3NsLmNvbYIYd293bW9hcmhvc3QxNS5iYWRzc2wuY29t
ghl3b3dtb2FyaG9zdDE1MC5iYWRzc2wuY29tghl3b3dtb2FyaG9zdDE1MS5iYWRz
c2wuY29tghl3b3dtb2FyaG9zdDE1Mi5iYWRzc2wuY29tghl3b3dtb2FyaG9zdDE1
My5iYWRzc2wuY29tghl3b3dtb2FyaG9zdDE1NC5iYWRzc2wuY29tghl3b3dtb2Fy
aG9zdDE1NS5iYWRzc2wuY29tghl3b3dtb2FyaG9zdDE1Ni5iYWRzc2wuY29tghl3
b3dtb2FyaG9zdDE1Ny5iYWRzc2wuY29tghl3b3dtb2FyaG9zdDE1OC5iYWRzc2wu
Y29tghl3b3dtb2FyaG9zdDE1OS5iYWRzc2wuY29tghh3b3dtb2FyaG9zdDE2LmJh
ZHNzbC5jb22CGXdvd21vYXJob3N0MTYwLmJhZHNzbC5jb22CGXdvd21vYXJob3N0
MTYxLmJhZHNzbC5jb22CGXdvd21vYXJob3N0MTYyLmJhZHNzbC5jb22CGXdvd21v
YXJob3N0MTYzLmJhZHNzbC5jb22CGXdvd21vYXJob3N0MTY0LmJhZHNzbC5jb22C
GXdvd21vYXJob3N0MTY1LmJhZHNzbC5jb22CGXdvd21vYXJob3N0MTY2LmJhZHNz
bC5jb22CGXdvd21vYXJob3N0MTY3LmJhZHNzbC5jb22CGXdvd21vYXJob3N0MTY4
LmJhZHNzbC5jb22CGXdvd21vYXJob3N0MTY5LmJhZHNzbC5jb22CGHdvd21vYXJo
b3N0MTcuYmFkc3NsLmNvbYIZd293bW9hcmhvc3QxNzAuYmFkc3NsLmNvbYIZd293
bW9hcmhvc3QxNzEuYmFkc3NsLmNvbYIZd293bW9hcmhvc3QxNzIuYmFkc3NsLmNv
bYIZd293bW9hcmhvc3QxNzMuYmFkc3NsLmNvbYIZd293bW9hcmhvc3QxNzQuYmFk
c3NsLmNvbYIZd293bW9hcmhvc3QxNzUuYmFkc3NsLmNvbYIZd293bW9hcmhvc3Qx
NzYuYmFkc3NsLmNvbYIZd293bW9hcmhvc3QxNzcuYmFkc3NsLmNvbYIZd293bW9h
cmhvc3QxNzguYmFkc3NsLmNvbYIZd293bW9hcmhvc3QxNzkuYmFkc3NsLmNvbYIY
d293bW9hcmhvc3QxOC5iYWRzc2wuY29tghl3b3dtb2FyaG9zdDE4MC5iYWRzc2wu
Y29tghl3b3dtb2FyaG9zdDE4MS5iYWRzc2wuY29tghl3b3dtb2FyaG9zdDE4Mi5i
YWRzc2wuY29tghl3b3dtb2FyaG9zdDE4My5iYWRzc2wuY29tghl3b3dtb2FyaG9z
dDE4NC5iYWRzc2wuY29tghl3b3dtb2FyaG9zdDE4NS5iYWRzc2wuY29tghl3b3dt
b2FyaG9zdDE4Ni5iYWRzc2wuY29tghl3b3dtb2FyaG9zdDE4Ny5iYWRzc2wuY29t
ghl3b3dtb2FyaG9zdDE4OC5iYWRzc2wuY29tghl3b3dtb2FyaG9zdDE4OS5iYWRz
c2wuY29tghh3b3dtb2FyaG9zdDE5LmJhZHNzbC5jb22CGXdvd21vYXJob3N0MTkw
LmJhZHNzbC5jb22CGXdvd21vYXJob3N0MTkxLmJhZHNzbC5jb22CGXdvd21vYXJo
b3N0MTkyLmJhZHNzbC5jb22CGXdvd21vYXJob3N0MTkzLmJhZHNzbC5jb22CGXdv
d21vYXJob3N0MTk0LmJhZHNzbC5jb22CGXdvd21vYXJob3N0MTk1LmJhZHNzbC5j
b22CGXdvd21vYXJob3N0MTk2LmJhZHNzbC5jb22CGXdvd21vYXJob3N0MTk3LmJh
ZHNzbC5jb22CGXdvd21vYXJob3N0MTk4LmJhZHNzbC5jb22CGXdvd21vYXJob3N0
MTk5LmJhZHNzbC5jb22CF3dvd21vYXJob3N0Mi5iYWRzc2wuY29tghh3b3dtb2Fy
aG9zdDIwLmJhZHNzbC5jb22CGXdvd21vYXJob3N0MjAwLmJhZHNzbC5jb22CGXdv
d21vYXJob3N0MjAxLmJhZHNzbC5jb22CGXdvd21vYXJob3N0MjAyLmJhZHNzbC5j
b22CGXdvd21vYXJob3N0MjAzLmJhZHNzbC5jb22CGXdvd21vYXJob3N0MjA0LmJh
ZHNzbC5jb22CGXdvd21vYXJob3N0MjA1LmJhZHNzbC5jb22CGXdvd21vYXJob3N0
MjA2LmJhZHNzbC5jb22CGXdvd21vYXJob3N0MjA3LmJhZHNzbC5jb22CGXdvd21v
YXJob3N0MjA4LmJhZHNzbC5jb22CGXdvd21vYXJob3N0MjA5LmJhZHNzbC5jb22C
GHdvd21vYXJob3N0MjEuYmFkc3NsLmNvbYIZd293bW9hcmhvc3QyMTAuYmFkc3Ns
LmNvbYIZd293bW9hcmhvc3QyMTEuYmFkc3NsLmNvbYIZd293bW9hcmhvc3QyMTIu
YmFkc3NsLmNvbYIZd293bW9hcmhvc3QyMTMuYmFkc3NsLmNvbYIZd293bW9hcmhv
c3QyMTQuYmFkc3NsLmNvbYIZd293bW9hcmhvc3QyMTUuYmFkc3NsLmNvbYIZd293
bW9hcmhvc3QyMTYuYmFkc3NsLmNvbYIZd293bW9hcmhvc3QyMTcuYmFkc3NsLmNv
bYIZd293bW9hcmhvc3QyMTguYmFkc3NsLmNvbYIZd293bW9hcmhvc3QyMTkuYmFk
c3NsLmNvbYIYd293bW9hcmhvc3QyMi5iYWRzc2wuY29tghl3b3dtb2FyaG9zdDIy
MC5iYWRzc2wuY29tghl3b3dtb2FyaG9zdDIyMS5iYWRzc2wuY29tghl3b3dtb2Fy
aG9zdDIyMi5iYWRzc2wuY29tghl3b3dtb2FyaG9zdDIyMy5iYWRzc2wuY29tghl3
b3dtb2FyaG9zdDIyNC5iYWRzc2wuY29tghl3b3dtb2FyaG9zdDIyNS5iYWRzc2wu
Y29tghl3b3dtb2FyaG9zdDIyNi5iYWRzc2wuY29tghl3b3dtb2FyaG9zdDIyNy5i
YWRzc2wuY29tghl3b3dtb2FyaG9zdDIyOC5iYWRzc2wuY29tghl3b3dtb2FyaG9z
dDIyOS5iYWRzc2wuY29tghh3b3dtb2FyaG9zdDIzLmJhZHNzbC5jb22CGXdvd21v
YXJob3N0MjMwLmJhZHNzbC5jb22CGXdvd21vYXJob3N0MjMxLmJhZHNzbC5jb22C
GXdvd21vYXJob3N0MjMyLmJhZHNzbC5jb22CGXdvd21vYXJob3N0MjMzLmJhZHNz
bC5jb22CGXdvd21vYXJob3N0MjM0LmJhZHNzbC5jb22CGXdvd21vYXJob3N0MjM1
LmJhZHNzbC5jb22CGXdvd21vYXJob3N0MjM2LmJhZHNzbC5jb22CGXdvd21vYXJo
b3N0MjM3LmJhZHNzbC5jb22CGXdvd21vYXJob3N0MjM4LmJhZHNzbC5jb22CGXdv
d21vYXJob3N0MjM5LmJhZHNzbC5jb22CGHdvd21vYXJob3N0MjQuYmFkc3NsLmNv
bYIZd293bW9hcmhvc3QyNDAuYmFkc3NsLmNvbYIZd293bW9hcmhvc3QyNDEuYmFk
c3NsLmNvbYIZd293bW9hcmhvc3QyNDIuYmFkc3NsLmNvbYIZd293bW9hcmhvc3Qy
NDMuYmFkc3NsLmNvbYIZd293bW9hcmhvc3QyNDQuYmFkc3NsLmNvbYIZd293bW9h
cmhvc3QyNDUuYmFkc3NsLmNvbYIZd293bW9hcmhvc3QyNDYuYmFkc3NsLmNvbYIZ
d293bW9hcmhvc3QyNDcuYmFkc3NsLmNvbYIZd293bW9hcmhvc3QyNDguYmFkc3Ns
LmNvbYIZd293bW9hcmhvc3QyNDkuYmFkc3NsLmNvbYIYd293bW9hcmhvc3QyNS5i
YWRzc2wuY29tghl3b3dtb2FyaG9zdDI1MC5iYWRzc2wuY29tghl3b3dtb2FyaG9z
dDI1MS5iYWRzc2wuY29tghl3b3dtb2FyaG9zdDI1Mi5iYWRzc2wuY29tghl3b3dt
b2FyaG9zdDI1My5iYWRzc2wuY29tghl3b3dtb2FyaG9zdDI1NC5iYWRzc2wuY29t
ghl3b3dtb2FyaG9zdDI1NS5iYWRzc2wuY29tghl3b3dtb2FyaG9zdDI1Ni5iYWRz
c2wuY29tghl3b3dtb2FyaG9zdDI1Ny5iYWRzc2wuY29tghl3b3dtb2FyaG9zdDI1
OC5iYWRzc2wuY29tghl3b3dtb2FyaG9zdDI1OS5iYWRzc2wuY29tghh3b3dtb2Fy
aG9zdDI2LmJhZHNzbC5jb22CGXdvd21vYXJob3N0MjYwLmJhZHNzbC5jb22CGXdv
d21vYXJob3N0MjYxLmJhZHNzbC5jb22CGXdvd21vYXJob3N0MjYyLmJhZHNzbC5j
b22CGXdvd21vYXJob3N0MjYzLmJhZHNzbC5jb22CGXdvd21vYXJob3N0MjY0LmJh
ZHNzbC5jb22CGXdvd21vYXJob3N0MjY1LmJhZHNzbC5jb22CGXdvd21vYXJob3N0
MjY2LmJhZHNzbC5jb22CGXdvd21vYXJob3N0MjY3LmJhZHNzbC5jb22CGXdvd21v
YXJob3N0MjY4LmJhZHNzbC5jb22CGXdvd21vYXJob3N0MjY5LmJhZHNzbC5jb22C
GHdvd21vYXJob3N0MjcuYmFkc3NsLmNvbYIZd293bW9hcmhvc3QyNzAuYmFkc3Ns
LmNvbYIZd293bW9hcmhvc3QyNzEuYmFkc3NsLmNvbYIZd293bW9hcmhvc3QyNzIu
YmFkc3NsLmNvbYIZd293bW9hcmhvc3QyNzMuYmFkc3NsLmNvbYIZd293bW9hcmhv
c3QyNzQuYmFkc3NsLmNvbYIZd293bW9hcmhvc3QyNzUuYmFkc3NsLmNvbYIZd293
bW9hcmhvc3QyNzYuYmFkc3NsLmNvbYIZd293bW9hcmhvc3QyNzcuYmFkc3NsLmNv
bYIZd293bW9hcmhvc3QyNzguYmFkc3NsLmNvbYIZd293bW9hcmhvc3QyNzkuYmFk
c3NsLmNvbYIYd293bW9hcmhvc3QyOC5iYWRzc2wuY29tghl3b3dtb2FyaG9zdDI4
MC5iYWRzc2wuY29tghl3b3dtb2FyaG9zdDI4MS5iYWRzc2wuY29tghl3b3dtb2Fy
aG9zdDI4Mi5iYWRzc2wuY29tghl3b3dtb2FyaG9zdDI4My5iYWRzc2wuY29tghl3
b3dtb2FyaG9zdDI4NC5iYWRzc2wuY29tghl3b3dtb2FyaG9zdDI4NS5iYWRzc2wu
Y29tghl3b3dtb2FyaG9zdDI4Ni5iYWRzc2wuY29tghl3b3dtb2FyaG9zdDI4Ny5i
YWRzc2wuY29tghl3b3dtb2FyaG9zdDI4OC5iYWRzc2wuY29tghl3b3dtb2FyaG9z
dDI4OS5iYWRzc2wuY29tghh3b3dtb2FyaG9zdDI5LmJhZHNzbC5jb22CGXdvd21v
YXJob3N0MjkwLmJhZHNzbC5jb22CGXdvd21vYXJob3N0MjkxLmJhZHNzbC5jb22C
GXdvd21vYXJob3N0MjkyLmJhZHNzbC5jb22CGXdvd21vYXJob3N0MjkzLmJhZHNz
bC5jb22CGXdvd21vYXJob3N0Mjk0LmJhZHNzbC5jb22CGXdvd21vYXJob3N0Mjk1
LmJhZHNzbC5jb22CGXdvd21vYXJob3N0Mjk2LmJhZHNzbC5jb22CGXdvd21vYXJo
b3N0Mjk3LmJhZHNzbC5jb22CGXdvd21vYXJob3N0Mjk4LmJhZHNzbC5jb22CGXdv
d21vYXJob3N0Mjk5LmJhZHNzbC5jb22CF3dvd21vYXJob3N0My5iYWRzc2wuY29t
ghh3b3dtb2FyaG9zdDMwLmJhZHNzbC5jb22CGXdvd21vYXJob3N0MzAwLmJhZHNz
bC5jb22CGXdvd21vYXJob3N0MzAxLmJhZHNzbC5jb22CGXdvd21vYXJob3N0MzAy
LmJhZHNzbC5jb22CGXdvd21vYXJob3N0MzAzLmJhZHNzbC5jb22CGXdvd21vYXJo
b3N0MzA0LmJhZHNzbC5jb22CGXdvd21vYXJob3N0MzA1LmJhZHNzbC5jb22CGXdv
d21vYXJob3N0MzA2LmJhZHNzbC5jb22CGXdvd21vYXJob3N0MzA3LmJhZHNzbC5j
b22CGXdvd21vYXJob3N0MzA4LmJhZHNzbC5jb22CGXdvd21vYXJob3N0MzA5LmJh
ZHNzbC5jb22CGHdvd21vYXJob3N0MzEuYmFkc3NsLmNvbYIZd293bW9hcmhvc3Qz
MTAuYmFkc3NsLmNvbYIZd293bW9hcmhvc3QzMTEuYmFkc3NsLmNvbYIZd293bW9h
cmhvc3QzMTIuYmFkc3NsLmNvbYIZd293bW9hcmhvc3QzMTMuYmFkc3NsLmNvbYIZ
d293bW9hcmhvc3QzMTQuYmFkc3NsLmNvbYIZd293bW9hcmhvc3QzMTUuYmFkc3Ns
LmNvbYIZd293bW9hcmhvc3QzMTYuYmFkc3NsLmNvbYIZd293bW9hcmhvc3QzMTcu
YmFkc3NsLmNvbYIZd293bW9hcmhvc3QzMTguYmFkc3NsLmNvbYIZd293bW9hcmhv
c3QzMTkuYmFkc3NsLmNvbYIYd293bW9hcmhvc3QzMi5iYWRzc2wuY29tghl3b3dt
b2FyaG9zdDMyMC5iYWRzc2wuY29tghl3b3dtb2FyaG9zdDMyMS5iYWRzc2wuY29t
ghl3b3dtb2FyaG9zdDMyMi5iYWRzc2wuY29tghl3b3dtb2FyaG9zdDMyMy5iYWRz
c2wuY29tghl3b3dtb2FyaG9zdDMyNC5iYWRzc2wuY29tghl3b3dtb2FyaG9zdDMy
NS5iYWRzc2wuY29tghl3b3dtb2FyaG9zdDMyNi5iYWRzc2wuY29tghl3b3dtb2Fy
aG9zdDMyNy5iYWRzc2wuY29tghl3b3dtb2FyaG9zdDMyOC5iYWRzc2wuY29tghl3
b3dtb2FyaG9zdDMyOS5iYWRzc2wuY29tghh3b3dtb2FyaG9zdDMzLmJhZHNzbC5j
b22CGXdvd21vYXJob3N0MzMwLmJhZHNzbC5jb22CGXdvd21vYXJob3N0MzMxLmJh
ZHNzbC5jb22CGXdvd21vYXJob3N0MzMyLmJhZHNzbC5jb22CGXdvd21vYXJob3N0
MzMzLmJhZHNzbC5jb22CGXdvd21vYXJob3N0MzM0LmJhZHNzbC5jb22CGXdvd21v
YXJob3N0MzM1LmJhZHNzbC5jb22CGXdvd21vYXJob3N0MzM2LmJhZHNzbC5jb22C
GXdvd21vYXJob3N0MzM3LmJhZHNzbC5jb22CGXdvd21vYXJob3N0MzM4LmJhZHNz
bC5jb22CGXdvd21vYXJob3N0MzM5LmJhZHNzbC5jb22CGHdvd21vYXJob3N0MzQu
YmFkc3NsLmNvbYIZd293bW9hcmhvc3QzNDAuYmFkc3NsLmNvbYIZd293bW9hcmhv
c3QzNDEuYmFkc3NsLmNvbYIZd293bW9hcmhvc3QzNDIuYmFkc3NsLmNvbYIZd293
bW9hcmhvc3QzNDMuYmFkc3NsLmNvbYIZd293bW9hcmhvc3QzNDQuYmFkc3NsLmNv
bYIZd293bW9hcmhvc3QzNDUuYmFkc3NsLmNvbYIZd293bW9hcmhvc3QzNDYuYmFk
c3NsLmNvbYIZd293bW9hcmhvc3QzNDcuYmFkc3NsLmNvbYIZd293bW9hcmhvc3Qz
NDguYmFkc3NsLmNvbYIZd293bW9hcmhvc3QzNDkuYmFkc3NsLmNvbYIYd293bW9h
cmhvc3QzNS5iYWRzc2wuY29tghl3b3dtb2FyaG9zdDM1MC5iYWRzc2wuY29tghl3
b3dtb2FyaG9zdDM1MS5iYWRzc2wuY29tghl3b3dtb2FyaG9zdDM1Mi5iYWRzc2wu
Y29tghl3b3dtb2FyaG9zdDM1My5iYWRzc2wuY29tghl3b3dtb2FyaG9zdDM1NC5i
YWRzc2wuY29tghl3b3dtb2FyaG9zdDM1NS5iYWRzc2wuY29tghl3b3dtb2FyaG9z
dDM1Ni5iYWRzc2wuY29tghl3b3dtb2FyaG9zdDM1Ny5iYWRzc2wuY29tghl3b3dt
b2FyaG9zdDM1OC5iYWRzc2wuY29tghl3b3dtb2FyaG9zdDM1OS5iYWRzc2wuY29t
ghh3b3dtb2FyaG9zdDM2LmJhZHNzbC5jb22CGXdvd21vYXJob3N0MzYwLmJhZHNz
bC5jb22CGXdvd21vYXJob3N0MzYxLmJhZHNzbC5jb22CGXdvd21vYXJob3N0MzYy
LmJhZHNzbC5jb22CGXdvd21vYXJob3N0MzYzLmJhZHNzbC5jb22CGXdvd21vYXJo
b3N0MzY0LmJhZHNzbC5jb22CGXdvd21vYXJob3N0MzY1LmJhZHNzbC5jb22CGXdv
d21vYXJob3N0MzY2LmJhZHNzbC5jb22CGXdvd21vYXJob3N0MzY3LmJhZHNzbC5j
b22CGXdvd21vYXJob3N0MzY4LmJhZHNzbC5jb22CGXdvd21vYXJob3N0MzY5LmJh
ZHNzbC5jb22CGHdvd21vYXJob3N0MzcuYmFkc3NsLmNvbYIZd293bW9hcmhvc3Qz
NzAuYmFkc3NsLmNvbYIZd293bW9hcmhvc3QzNzEuYmFkc3NsLmNvbYIZd293bW9h
cmhvc3QzNzIuYmFkc3NsLmNvbYIZd293bW9hcmhvc3QzNzMuYmFkc3NsLmNvbYIZ
d293bW9hcmhvc3QzNzQuYmFkc3NsLmNvbYIZd293bW9hcmhvc3QzNzUuYmFkc3Ns
LmNvbYIZd293bW9hcmhvc3QzNzYuYmFkc3NsLmNvbYIZd293bW9hcmhvc3QzNzcu
YmFkc3NsLmNvbYIZd293bW9hcmhvc3QzNzguYmFkc3NsLmNvbYIZd293bW9hcmhv
c3QzNzkuYmFkc3NsLmNvbYIYd293bW9hcmhvc3QzOC5iYWRzc2wuY29tghl3b3dt
b2FyaG9zdDM4MC5iYWRzc2wuY29tghl3b3dtb2FyaG9zdDM4MS5iYWRzc2wuY29t
ghl3b3dtb2FyaG9zdDM4Mi5iYWRzc2wuY29tghl3b3dtb2FyaG9zdDM4My5iYWRz
c2wuY29tghl3b3dtb2FyaG9zdDM4NC5iYWRzc2wuY29tghl3b3dtb2FyaG9zdDM4
NS5iYWRzc2wuY29tghl3b3dtb2FyaG9zdDM4Ni5iYWRzc2wuY29tghl3b3dtb2Fy
aG9zdDM4Ny5iYWRzc2wuY29tghl3b3dtb2FyaG9zdDM4OC5iYWRzc2wuY29tghl3
b3dtb2FyaG9zdDM4OS5iYWRzc2wuY29tghh3b3dtb2FyaG9zdDM5LmJhZHNzbC5j
b22CGXdvd21vYXJob3N0MzkwLmJhZHNzbC5jb22CGXdvd21vYXJob3N0MzkxLmJh
ZHNzbC5jb22CGXdvd21vYXJob3N0MzkyLmJhZHNzbC5jb22CGXdvd21vYXJob3N0
MzkzLmJhZHNzbC5jb22CGXdvd21vYXJob3N0Mzk0LmJhZHNzbC5jb22CGXdvd21v
YXJob3N0Mzk1LmJhZHNzbC5jb22CGXdvd21vYXJob3N0Mzk2LmJhZHNzbC5jb22C
GXdvd21vYXJob3N0Mzk3LmJhZHNzbC5jb22CGXdvd21vYXJob3N0Mzk4LmJhZHNz
bC5jb22CGXdvd21vYXJob3N0Mzk5LmJhZHNzbC5jb22CF3dvd21vYXJob3N0NC5i
YWRzc2wuY29tghh3b3dtb2FyaG9zdDQwLmJhZHNzbC5jb22CGXdvd21vYXJob3N0
NDAwLmJhZHNzbC5jb22CGXdvd21vYXJob3N0NDAxLmJhZHNzbC5jb22CGXdvd21v
YXJob3N0NDAyLmJhZHNzbC5jb22CGXdvd21vYXJob3N0NDAzLmJhZHNzbC5jb22C
GXdvd21vYXJob3N0NDA0LmJhZHNzbC5jb22CGXdvd21vYXJob3N0NDA1LmJhZHNz
bC5jb22CGXdvd21vYXJob3N0NDA2LmJhZHNzbC5jb22CGXdvd21vYXJob3N0NDA3
LmJhZHNzbC5jb22CGXdvd21vYXJob3N0NDA4LmJhZHNzbC5jb22CGXdvd21vYXJo
b3N0NDA5LmJhZHNzbC5jb22CGHdvd21vYXJob3N0NDEuYmFkc3NsLmNvbYIZd293
bW9hcmhvc3Q0MTAuYmFkc3NsLmNvbYIZd293bW9hcmhvc3Q0MTEuYmFkc3NsLmNv
bYIZd293bW9hcmhvc3Q0MTIuYmFkc3NsLmNvbYIZd293bW9hcmhvc3Q0MTMuYmFk
c3NsLmNvbYIZd293bW9hcmhvc3Q0MTQuYmFkc3NsLmNvbYIZd293bW9hcmhvc3Q0
MTUuYmFkc3NsLmNvbYIZd293bW9hcmhvc3Q0MTYuYmFkc3NsLmNvbYIZd293bW9h
cmhvc3Q0MTcuYmFkc3NsLmNvbYIZd293bW9hcmhvc3Q0MTguYmFkc3NsLmNvbYIZ
d293bW9hcmhvc3Q0MTkuYmFkc3NsLmNvbYIYd293bW9hcmhvc3Q0Mi5iYWRzc2wu
Y29tghl3b3dtb2FyaG9zdDQyMC5iYWRzc2wuY29tghl3b3dtb2FyaG9zdDQyMS5i
YWRzc2wuY29tghl3b3dtb2FyaG9zdDQyMi5iYWRzc2wuY29tghl3b3dtb2FyaG9z
dDQyMy5iYWRzc2wuY29tghl3b3dtb2FyaG9zdDQyNC5iYWRzc2wuY29tghl3b3dt
b2FyaG9zdDQyNS5iYWRzc2wuY29tghl3b3dtb2FyaG9zdDQyNi5iYWRzc2wuY29t
ghl3b3dtb2FyaG9zdDQyNy5iYWRzc2wuY29tghl3b3dtb2FyaG9zdDQyOC5iYWRz
c2wuY29tghl3b3dtb2FyaG9zdDQyOS5iYWRzc2wuY29tghh3b3dtb2FyaG9zdDQz
LmJhZHNzbC5jb22CGXdvd21vYXJob3N0NDMwLmJhZHNzbC5jb22CGXdvd21vYXJo
b3N0NDMxLmJhZHNzbC5jb22CGXdvd21vYXJob3N0NDMyLmJhZHNzbC5jb22CGXdv
d21vYXJob3N0NDMzLmJhZHNzbC5jb22CGXdvd21vYXJob3N0NDM0LmJhZHNzbC5j
b22CGXdvd21vYXJob3N0NDM1LmJhZHNzbC5jb22CGXdvd21vYXJob3N0NDM2LmJh
ZHNzbC5jb22CGXdvd21vYXJob3N0NDM3LmJhZHNzbC5jb22CGXdvd21vYXJob3N0
NDM4LmJhZHNzbC5jb22CGXdvd21vYXJob3N0NDM5LmJhZHNzbC5jb22CGHdvd21v
YXJob3N0NDQuYmFkc3NsLmNvbYIZd293bW9hcmhvc3Q0NDAuYmFkc3NsLmNvbYIZ
d293bW9hcmhvc3Q0NDEuYmFkc3NsLmNvbYIZd293bW9hcmhvc3Q0NDIuYmFkc3Ns
LmNvbYIZd293bW9hcmhvc3Q0NDMuYmFkc3NsLmNvbYIZd293bW9hcmhvc3Q0NDQu
YmFkc3NsLmNvbYIZd293bW9hcmhvc3Q0NDUuYmFkc3NsLmNvbYIZd293bW9hcmhv
c3Q0NDYuYmFkc3NsLmNvbYIZd293bW9hcmhvc3Q0NDcuYmFkc3NsLmNvbYIZd293
bW9hcmhvc3Q0NDguYmFkc3NsLmNvbYIZd293bW9hcmhvc3Q0NDkuYmFkc3NsLmNv
bYIYd293bW9hcmhvc3Q0NS5iYWRzc2wuY29tghl3b3dtb2FyaG9zdDQ1MC5iYWRz
c2wuY29tghl3b3dtb2FyaG9zdDQ1MS5iYWRzc2wuY29tghl3b3dtb2FyaG9zdDQ1
Mi5iYWRzc2wuY29tghl3b3dtb2FyaG9zdDQ1My5iYWRzc2wuY29tghl3b3dtb2Fy
aG9zdDQ1NC5iYWRzc2wuY29tghl3b3dtb2FyaG9zdDQ1NS5iYWRzc2wuY29tghl3
b3dtb2FyaG9zdDQ1Ni5iYWRzc2wuY29tghl3b3dtb2FyaG9zdDQ1Ny5iYWRzc2wu
Y29tghl3b3dtb2FyaG9zdDQ1OC5iYWRzc2wuY29tghl3b3dtb2FyaG9zdDQ1OS5i
YWRzc2wuY29tghh3b3dtb2FyaG9zdDQ2LmJhZHNzbC5jb22CGXdvd21vYXJob3N0
NDYwLmJhZHNzbC5jb22CGXdvd21vYXJob3N0NDYxLmJhZHNzbC5jb22CGXdvd21v
YXJob3N0NDYyLmJhZHNzbC5jb22CGXdvd21vYXJob3N0NDYzLmJhZHNzbC5jb22C
GXdvd21vYXJob3N0NDY0LmJhZHNzbC5jb22CGXdvd21vYXJob3N0NDY1LmJhZHNz
bC5jb22CGXdvd21vYXJob3N0NDY2LmJhZHNzbC5jb22CGXdvd21vYXJob3N0NDY3
LmJhZHNzbC5jb22CGXdvd21vYXJob3N0NDY4LmJhZHNzbC5jb22CGXdvd21vYXJo
b3N0NDY5LmJhZHNzbC5jb22CGHdvd21vYXJob3N0NDcuYmFkc3NsLmNvbYIZd293
bW9hcmhvc3Q0NzAuYmFkc3NsLmNvbYIZd293bW9hcmhvc3Q0NzEuYmFkc3NsLmNv
bYIZd293bW9hcmhvc3Q0NzIuYmFkc3NsLmNvbYIZd293bW9hcmhvc3Q0NzMuYmFk
c3NsLmNvbYIZd293bW9hcmhvc3Q0NzQuYmFkc3NsLmNvbYIZd293bW9hcmhvc3Q0
NzUuYmFkc3NsLmNvbYIZd293bW9hcmhvc3Q0NzYuYmFkc3NsLmNvbYIZd293bW9h
cmhvc3Q0NzcuYmFkc3NsLmNvbYIZd293bW9hcmhvc3Q0NzguYmFkc3NsLmNvbYIZ
d293bW9hcmhvc3Q0NzkuYmFkc3NsLmNvbYIYd293bW9hcmhvc3Q0OC5iYWRzc2wu
Y29tghl3b3dtb2FyaG9zdDQ4MC5iYWRzc2wuY29tghl3b3dtb2FyaG9zdDQ4MS5i
YWRzc2wuY29tghl3b3dtb2FyaG9zdDQ4Mi5iYWRzc2wuY29tghl3b3dtb2FyaG9z
dDQ4My5iYWRzc2wuY29tghl3b3dtb2FyaG9zdDQ4NC5iYWRzc2wuY29tghl3b3dt
b2FyaG9zdDQ4NS5iYWRzc2wuY29tghl3b3dtb2FyaG9zdDQ4Ni5iYWRzc2wuY29t
ghl3b3dtb2FyaG9zdDQ4Ny5iYWRzc2wuY29tghl3b3dtb2FyaG9zdDQ4OC5iYWRz
c2wuY29tghl3b3dtb2FyaG9zdDQ4OS5iYWRzc2wuY29tghh3b3dtb2FyaG9zdDQ5
LmJhZHNzbC5jb22CGXdvd21vYXJob3N0NDkwLmJhZHNzbC5jb22CGXdvd21vYXJo
b3N0NDkxLmJhZHNzbC5jb22CGXdvd21vYXJob3N0NDkyLmJhZHNzbC5jb22CGXdv
d21vYXJob3N0NDkzLmJhZHNzbC5jb22CGXdvd21vYXJob3N0NDk0LmJhZHNzbC5j
b22CGXdvd21vYXJob3N0NDk1LmJhZHNzbC5jb22CGXdvd21vYXJob3N0NDk2LmJh
ZHNzbC5jb22CGXdvd21vYXJob3N0NDk3LmJhZHNzbC5jb22CGXdvd21vYXJob3N0
NDk4LmJhZHNzbC5jb22CGXdvd21vYXJob3N0NDk5LmJhZHNzbC5jb22CF3dvd21v
YXJob3N0NS5iYWRzc2wuY29tghh3b3dtb2FyaG9zdDUwLmJhZHNzbC5jb22CGXdv
d21vYXJob3N0NTAwLmJhZHNzbC5jb22CGXdvd21vYXJob3N0NTAxLmJhZHNzbC5j
b22CGXdvd21vYXJob3N0NTAyLmJhZHNzbC5jb22CGXdvd21vYXJob3N0NTAzLmJh
ZHNzbC5jb22CGXdvd21vYXJob3N0NTA0LmJhZHNzbC5jb22CGXdvd21vYXJob3N0
NTA1LmJhZHNzbC5jb22CGXdvd21vYXJob3N0NTA2LmJhZHNzbC5jb22CGXdvd21v
YXJob3N0NTA3LmJhZHNzbC5jb22CGXdvd21vYXJob3N0NTA4LmJhZHNzbC5jb22C
GXdvd21vYXJob3N0NTA5LmJhZHNzbC5jb22CGHdvd21vYXJob3N0NTEuYmFkc3Ns
LmNvbYIZd293bW9hcmhvc3Q1MTAuYmFkc3NsLmNvbYIZd293bW9hcmhvc3Q1MTEu
YmFkc3NsLmNvbYIZd293bW9hcmhvc3Q1MTIuYmFkc3NsLmNvbYIZd293bW9hcmhv
c3Q1MTMuYmFkc3NsLmNvbYIZd293bW9hcmhvc3Q1MTQuYmFkc3NsLmNvbYIZd293
bW9hcmhvc3Q1MTUuYmFkc3NsLmNvbYIZd293bW9hcmhvc3Q1MTYuYmFkc3NsLmNv
bYIZd293bW9hcmhvc3Q1MTcuYmFkc3NsLmNvbYIZd293bW9hcmhvc3Q1MTguYmFk
c3NsLmNvbYIZd293bW9hcmhvc3Q1MTkuYmFkc3NsLmNvbYIYd293bW9hcmhvc3Q1
Mi5iYWRzc2wuY29tghl3b3dtb2FyaG9zdDUyMC5iYWRzc2wuY29tghl3b3dtb2Fy
aG9zdDUyMS5iYWRzc2wuY29tghl3b3dtb2FyaG9zdDUyMi5iYWRzc2wuY29tghl3
b3dtb2FyaG9zdDUyMy5iYWRzc2wuY29tghl3b3dtb2FyaG9zdDUyNC5iYWRzc2wu
Y29tghl3b3dtb2FyaG9zdDUyNS5iYWRzc2wuY29tghl3b3dtb2FyaG9zdDUyNi5i
YWRzc2wuY29tghl3b3dtb2FyaG9zdDUyNy5iYWRzc2wuY29tghl3b3dtb2FyaG9z
dDUyOC5iYWRzc2wuY29tghl3b3dtb2FyaG9zdDUyOS5iYWRzc2wuY29tghh3b3dt
b2FyaG9zdDUzLmJhZHNzbC5jb22CGXdvd21vYXJob3N0NTMwLmJhZHNzbC5jb22C
GXdvd21vYXJob3N0NTMxLmJhZHNzbC5jb22CGXdvd21vYXJob3N0NTMyLmJhZHNz
bC5jb22CGXdvd21vYXJob3N0NTMzLmJhZHNzbC5jb22CGXdvd21vYXJob3N0NTM0
LmJhZHNzbC5jb22CGXdvd21vYXJob3N0NTM1LmJhZHNzbC5jb22CGXdvd21vYXJo
b3N0NTM2LmJhZHNzbC5jb22CGXdvd21vYXJob3N0NTM3LmJhZHNzbC5jb22CGXdv
d21vYXJob3N0NTM4LmJhZHNzbC5jb22CGXdvd21vYXJob3N0NTM5LmJhZHNzbC5j
b22CGHdvd21vYXJob3N0NTQuYmFkc3NsLmNvbYIZd293bW9hcmhvc3Q1NDAuYmFk
c3NsLmNvbYIZd293bW9hcmhvc3Q1NDEuYmFkc3NsLmNvbYIZd293bW9hcmhvc3Q1
NDIuYmFkc3NsLmNvbYIZd293bW9hcmhvc3Q1NDMuYmFkc3NsLmNvbYIZd293bW9h
cmhvc3Q1NDQuYmFkc3NsLmNvbYIZd293bW9hcmhvc3Q1NDUuYmFkc3NsLmNvbYIZ
d293bW9hcmhvc3Q1NDYuYmFkc3NsLmNvbYIZd293bW9hcmhvc3Q1NDcuYmFkc3Ns
LmNvbYIZd293bW9hcmhvc3Q1NDguYmFkc3NsLmNvbYIZd293bW9hcmhvc3Q1NDku
YmFkc3NsLmNvbYIYd293bW9hcmhvc3Q1NS5iYWRzc2wuY29tghl3b3dtb2FyaG9z
dDU1MC5iYWRzc2wuY29tghl3b3dtb2FyaG9zdDU1MS5iYWRzc2wuY29tghl3b3dt
b2FyaG9zdDU1Mi5iYWRzc2wuY29tghl3b3dtb2FyaG9zdDU1My5iYWRzc2wuY29t
ghl3b3dtb2FyaG9zdDU1NC5iYWRzc2wuY29tghl3b3dtb2FyaG9zdDU1NS5iYWRz
c2wuY29tghl3b3dtb2FyaG9zdDU1Ni5iYWRzc2wuY29tghl3b3dtb2FyaG9zdDU1
Ny5iYWRzc2wuY29tghl3b3dtb2FyaG9zdDU1OC5iYWRzc2wuY29tghl3b3dtb2Fy
aG9zdDU1OS5iYWRzc2wuY29tghh3b3dtb2FyaG9zdDU2LmJhZHNzbC5jb22CGXdv
d21vYXJob3N0NTYwLmJhZHNzbC5jb22CGXdvd21vYXJob3N0NTYxLmJhZHNzbC5j
b22CGXdvd21vYXJob3N0NTYyLmJhZHNzbC5jb22CGXdvd21vYXJob3N0NTYzLmJh
ZHNzbC5jb22CGXdvd21vYXJob3N0NTY0LmJhZHNzbC5jb22CGXdvd21vYXJob3N0
NTY1LmJhZHNzbC5jb22CGXdvd21vYXJob3N0NTY2LmJhZHNzbC5jb22CGXdvd21v
YXJob3N0NTY3LmJhZHNzbC5jb22CGXdvd21vYXJob3N0NTY4LmJhZHNzbC5jb22C
GXdvd21vYXJob3N0NTY5LmJhZHNzbC5jb22CGHdvd21vYXJob3N0NTcuYmFkc3Ns
LmNvbYIZd293bW9hcmhvc3Q1NzAuYmFkc3NsLmNvbYIZd293bW9hcmhvc3Q1NzEu
YmFkc3NsLmNvbYIZd293bW9hcmhvc3Q1NzIuYmFkc3NsLmNvbYIZd293bW9hcmhv
c3Q1NzMuYmFkc3NsLmNvbYIZd293bW9hcmhvc3Q1NzQuYmFkc3NsLmNvbYIZd293
bW9hcmhvc3Q1NzUuYmFkc3NsLmNvbYIZd293bW9hcmhvc3Q1NzYuYmFkc3NsLmNv
bYIZd293bW9hcmhvc3Q1NzcuYmFkc3NsLmNvbYIZd293bW9hcmhvc3Q1NzguYmFk
c3NsLmNvbYIZd293bW9hcmhvc3Q1NzkuYmFkc3NsLmNvbYIYd293bW9hcmhvc3Q1
OC5iYWRzc2wuY29tghl3b3dtb2FyaG9zdDU4MC5iYWRzc2wuY29tghl3b3dtb2Fy
aG9zdDU4MS5iYWRzc2wuY29tghl3b3dtb2FyaG9zdDU4Mi5iYWRzc2wuY29tghl3
b3dtb2FyaG9zdDU4My5iYWRzc2wuY29tghl3b3dtb2FyaG9zdDU4NC5iYWRzc2wu
Y29tghl3b3dtb2FyaG9zdDU4NS5iYWRzc2wuY29tghl3b3dtb2FyaG9zdDU4Ni5i
YWRzc2wuY29tghl3b3dtb2FyaG9zdDU4Ny5iYWRzc2wuY29tghl3b3dtb2FyaG9z
dDU4OC5iYWRzc2wuY29tghl3b3dtb2FyaG9zdDU4OS5iYWRzc2wuY29tghh3b3dt
b2FyaG9zdDU5LmJhZHNzbC5jb22CGXdvd21vYXJob3N0NTkwLmJhZHNzbC5jb22C
GXdvd21vYXJob3N0NTkxLmJhZHNzbC5jb22CGXdvd21vYXJob3N0NTkyLmJhZHNz
bC5jb22CGXdvd21vYXJob3N0NTkzLmJhZHNzbC5jb22CGXdvd21vYXJob3N0NTk0
LmJhZHNzbC5jb22CGXdvd21vYXJob3N0NTk1LmJhZHNzbC5jb22CGXdvd21vYXJo
b3N0NTk2LmJhZHNzbC5jb22CGXdvd21vYXJob3N0NTk3LmJhZHNzbC5jb22CGXdv
d21vYXJob3N0NTk4LmJhZHNzbC5jb22CGXdvd21vYXJob3N0NTk5LmJhZHNzbC5j
b22CF3dvd21vYXJob3N0Ni5iYWRzc2wuY29tghh3b3dtb2FyaG9zdDYwLmJhZHNz
bC5jb22CGXdvd21vYXJob3N0NjAwLmJhZHNzbC5jb22CGXdvd21vYXJob3N0NjAx
LmJhZHNzbC5jb22CGXdvd21vYXJob3N0NjAyLmJhZHNzbC5jb22CGXdvd21vYXJo
b3N0NjAzLmJhZHNzbC5jb22CGXdvd21vYXJob3N0NjA0LmJhZHNzbC5jb22CGXdv
d21vYXJob3N0NjA1LmJhZHNzbC5jb22CGXdvd21vYXJob3N0NjA2LmJhZHNzbC5j
b22CGXdvd21vYXJob3N0NjA3LmJhZHNzbC5jb22CGXdvd21vYXJob3N0NjA4LmJh
ZHNzbC5jb22CGXdvd21vYXJob3N0NjA5LmJhZHNzbC5jb22CGHdvd21vYXJob3N0
NjEuYmFkc3NsLmNvbYIZd293bW9hcmhvc3Q2MTAuYmFkc3NsLmNvbYIZd293bW9h
cmhvc3Q2MTEuYmFkc3NsLmNvbYIZd293bW9hcmhvc3Q2MTIuYmFkc3NsLmNvbYIZ
d293bW9hcmhvc3Q2MTMuYmFkc3NsLmNvbYIZd293bW9hcmhvc3Q2MTQuYmFkc3Ns
LmNvbYIZd293bW9hcmhvc3Q2MTUuYmFkc3NsLmNvbYIZd293bW9hcmhvc3Q2MTYu
YmFkc3NsLmNvbYIZd293bW9hcmhvc3Q2MTcuYmFkc3NsLmNvbYIZd293bW9hcmhv
c3Q2MTguYmFkc3NsLmNvbYIZd293bW9hcmhvc3Q2MTkuYmFkc3NsLmNvbYIYd293
bW9hcmhvc3Q2Mi5iYWRzc2wuY29tghl3b3dtb2FyaG9zdDYyMC5iYWRzc2wuY29t
ghl3b3dtb2FyaG9zdDYyMS5iYWRzc2wuY29tghl3b3dtb2FyaG9zdDYyMi5iYWRz
c2wuY29tghl3b3dtb2FyaG9zdDYyMy5iYWRzc2wuY29tghl3b3dtb2FyaG9zdDYy
NC5iYWRzc2wuY29tghl3b3dtb2FyaG9zdDYyNS5iYWRzc2wuY29tghl3b3dtb2Fy
aG9zdDYyNi5iYWRzc2wuY29tghl3b3dtb2FyaG9zdDYyNy5iYWRzc2wuY29tghl3
b3dtb2FyaG9zdDYyOC5iYWRzc2wuY29tghl3b3dtb2FyaG9zdDYyOS5iYWRzc2wu
Y29tghh3b3dtb2FyaG9zdDYzLmJhZHNzbC5jb22CGXdvd21vYXJob3N0NjMwLmJh
ZHNzbC5jb22CGXdvd21vYXJob3N0NjMxLmJhZHNzbC5jb22CGXdvd21vYXJob3N0
NjMyLmJhZHNzbC5jb22CGXdvd21vYXJob3N0NjMzLmJhZHNzbC5jb22CGXdvd21v
YXJob3N0NjM0LmJhZHNzbC5jb22CGXdvd21vYXJob3N0NjM1LmJhZHNzbC5jb22C
GXdvd21vYXJob3N0NjM2LmJhZHNzbC5jb22CGXdvd21vYXJob3N0NjM3LmJhZHNz
bC5jb22CGXdvd21vYXJob3N0NjM4LmJhZHNzbC5jb22CGXdvd21vYXJob3N0NjM5
LmJhZHNzbC5jb22CGHdvd21vYXJob3N0NjQuYmFkc3NsLmNvbYIZd293bW9hcmhv
c3Q2NDAuYmFkc3NsLmNvbYIZd293bW9hcmhvc3Q2NDEuYmFkc3NsLmNvbYIZd293
bW9hcmhvc3Q2NDIuYmFkc3NsLmNvbYIZd293bW9hcmhvc3Q2NDMuYmFkc3NsLmNv
bYIZd293bW9hcmhvc3Q2NDQuYmFkc3NsLmNvbYIZd293bW9hcmhvc3Q2NDUuYmFk
c3NsLmNvbYIZd293bW9hcmhvc3Q2NDYuYmFkc3NsLmNvbYIZd293bW9hcmhvc3Q2
NDcuYmFkc3NsLmNvbYIZd293bW9hcmhvc3Q2NDguYmFkc3NsLmNvbYIZd293bW9h
cmhvc3Q2NDkuYmFkc3NsLmNvbYIYd293bW9hcmhvc3Q2NS5iYWRzc2wuY29tghl3
b3dtb2FyaG9zdDY1MC5iYWRzc2wuY29tghl3b3dtb2FyaG9zdDY1MS5iYWRzc2wu
Y29tghl3b3dtb2FyaG9zdDY1Mi5iYWRzc2wuY29tghl3b3dtb2FyaG9zdDY1My5i
YWRzc2wuY29tghl3b3dtb2FyaG9zdDY1NC5iYWRzc2wuY29tghl3b3dtb2FyaG9z
dDY1NS5iYWRzc2wuY29tghl3b3dtb2FyaG9zdDY1Ni5iYWRzc2wuY29tghl3b3dt
b2FyaG9zdDY1Ny5iYWRzc2wuY29tghl3b3dtb2FyaG9zdDY1OC5iYWRzc2wuY29t
ghl3b3dtb2FyaG9zdDY1OS5iYWRzc2wuY29tghh3b3dtb2FyaG9zdDY2LmJhZHNz
bC5jb22CGXdvd21vYXJob3N0NjYwLmJhZHNzbC5jb22CGXdvd21vYXJob3N0NjYx
LmJhZHNzbC5jb22CGXdvd21vYXJob3N0NjYyLmJhZHNzbC5jb22CGXdvd21vYXJo
b3N0NjYzLmJhZHNzbC5jb22CGXdvd21vYXJob3N0NjY0LmJhZHNzbC5jb22CGXdv
d21vYXJob3N0NjY1LmJhZHNzbC5jb22CGXdvd21vYXJob3N0NjY2LmJhZHNzbC5j
b22CGXdvd21vYXJob3N0NjY3LmJhZHNzbC5jb22CGXdvd21vYXJob3N0NjY4LmJh
ZHNzbC5jb22CGXdvd21vYXJob3N0NjY5LmJhZHNzbC5jb22CGHdvd21vYXJob3N0
NjcuYmFkc3NsLmNvbYIZd293bW9hcmhvc3Q2NzAuYmFkc3NsLmNvbYIZd293bW9h
cmhvc3Q2NzEuYmFkc3NsLmNvbYIZd293bW9hcmhvc3Q2NzIuYmFkc3NsLmNvbYIZ
d293bW9hcmhvc3Q2NzMuYmFkc3NsLmNvbYIZd293bW9hcmhvc3Q2NzQuYmFkc3Ns
LmNvbYIZd293bW9hcmhvc3Q2NzUuYmFkc3NsLmNvbYIZd293bW9hcmhvc3Q2NzYu
YmFkc3NsLmNvbYIZd293bW9hcmhvc3Q2NzcuYmFkc3NsLmNvbYIZd293bW9hcmhv
c3Q2NzguYmFkc3NsLmNvbYIZd293bW9hcmhvc3Q2NzkuYmFkc3NsLmNvbYIYd293
bW9hcmhvc3Q2OC5iYWRzc2wuY29tghl3b3dtb2FyaG9zdDY4MC5iYWRzc2wuY29t
ghl3b3dtb2FyaG9zdDY4MS5iYWRzc2wuY29tghl3b3dtb2FyaG9zdDY4Mi5iYWRz
c2wuY29tghl3b3dtb2FyaG9zdDY4My5iYWRzc2wuY29tghl3b3dtb2FyaG9zdDY4
NC5iYWRzc2wuY29tghl3b3dtb2FyaG9zdDY4NS5iYWRzc2wuY29tghl3b3dtb2Fy
aG9zdDY4Ni5iYWRzc2wuY29tghl3b3dtb2FyaG9zdDY4Ny5iYWRzc2wuY29tghl3
b3dtb2FyaG9zdDY4OC5iYWRzc2wuY29tghl3b3dtb2FyaG9zdDY4OS5iYWRzc2wu
Y29tghh3b3dtb2FyaG9zdDY5LmJhZHNzbC5jb22CGXdvd21vYXJob3N0NjkwLmJh
ZHNzbC5jb22CGXdvd21vYXJob3N0NjkxLmJhZHNzbC5jb22CGXdvd21vYXJob3N0
NjkyLmJhZHNzbC5jb22CGXdvd21vYXJob3N0NjkzLmJhZHNzbC5jb22CGXdvd21v
YXJob3N0Njk0LmJhZHNzbC5jb22CGXdvd21vYXJob3N0Njk1LmJhZHNzbC5jb22C
GXdvd21vYXJob3N0Njk2LmJhZHNzbC5jb22CGXdvd21vYXJob3N0Njk3LmJhZHNz
bC5jb22CGXdvd21vYXJob3N0Njk4LmJhZHNzbC5jb22CGXdvd21vYXJob3N0Njk5
LmJhZHNzbC5jb22CF3dvd21vYXJob3N0Ny5iYWRzc2wuY29tghh3b3dtb2FyaG9z
dDcwLmJhZHNzbC5jb22CGXdvd21vYXJob3N0NzAwLmJhZHNzbC5jb22CGXdvd21v
YXJob3N0NzAxLmJhZHNzbC5jb22CGXdvd21vYXJob3N0NzAyLmJhZHNzbC5jb22C
GXdvd21vYXJob3N0NzAzLmJhZHNzbC5jb22CGXdvd21vYXJob3N0NzA0LmJhZHNz
bC5jb22CGXdvd21vYXJob3N0NzA1LmJhZHNzbC5jb22CGXdvd21vYXJob3N0NzA2
LmJhZHNzbC5jb22CGXdvd21vYXJob3N0NzA3LmJhZHNzbC5jb22CGXdvd21vYXJo
b3N0NzA4LmJhZHNzbC5jb22CGXdvd21vYXJob3N0NzA5LmJhZHNzbC5jb22CGHdv
d21vYXJob3N0NzEuYmFkc3NsLmNvbYIZd293bW9hcmhvc3Q3MTAuYmFkc3NsLmNv
bYIZd293bW9hcmhvc3Q3MTEuYmFkc3NsLmNvbYIZd293bW9hcmhvc3Q3MTIuYmFk
c3NsLmNvbYIZd293bW9hcmhvc3Q3MTMuYmFkc3NsLmNvbYIZd293bW9hcmhvc3Q3
MTQuYmFkc3NsLmNvbYIZd293bW9hcmhvc3Q3MTUuYmFkc3NsLmNvbYIZd293bW9h
cmhvc3Q3MTYuYmFkc3NsLmNvbYIZd293bW9hcmhvc3Q3MTcuYmFkc3NsLmNvbYIZ
d293bW9hcmhvc3Q3MTguYmFkc3NsLmNvbYIZd293bW9hcmhvc3Q3MTkuYmFkc3Ns
LmNvbYIYd293bW9hcmhvc3Q3Mi5iYWRzc2wuY29tghl3b3dtb2FyaG9zdDcyMC5i
YWRzc2wuY29tghl3b3dtb2FyaG9zdDcyMS5iYWRzc2wuY29tghl3b3dtb2FyaG9z
dDcyMi5iYWRzc2wuY29tghl3b3dtb2FyaG9zdDcyMy5iYWRzc2wuY29tghl3b3dt
b2FyaG9zdDcyNC5iYWRzc2wuY29tghl3b3dtb2FyaG9zdDcyNS5iYWRzc2wuY29t
ghl3b3dtb2FyaG9zdDcyNi5iYWRzc2wuY29tghl3b3dtb2FyaG9zdDcyNy5iYWRz
c2wuY29tghl3b3dtb2FyaG9zdDcyOC5iYWRzc2wuY29tghl3b3dtb2FyaG9zdDcy
OS5iYWRzc2wuY29tghh3b3dtb2FyaG9zdDczLmJhZHNzbC5jb22CGXdvd21vYXJo
b3N0NzMwLmJhZHNzbC5jb22CGXdvd21vYXJob3N0NzMxLmJhZHNzbC5jb22CGXdv
d21vYXJob3N0NzMyLmJhZHNzbC5jb22CGXdvd21vYXJob3N0NzMzLmJhZHNzbC5j
b22CGXdvd21vYXJob3N0NzM0LmJhZHNzbC5jb22CGXdvd21vYXJob3N0NzM1LmJh
ZHNzbC5jb22CGXdvd21vYXJob3N0NzM2LmJhZHNzbC5jb22CGXdvd21vYXJob3N0
NzM3LmJhZHNzbC5jb22CGXdvd21vYXJob3N0NzM4LmJhZHNzbC5jb22CGXdvd21v
YXJob3N0NzM5LmJhZHNzbC5jb22CGHdvd21vYXJob3N0NzQuYmFkc3NsLmNvbYIZ
d293bW9hcmhvc3Q3NDAuYmFkc3NsLmNvbYIZd293bW9hcmhvc3Q3NDEuYmFkc3Ns
LmNvbYIZd293bW9hcmhvc3Q3NDIuYmFkc3NsLmNvbYIZd293bW9hcmhvc3Q3NDMu
YmFkc3NsLmNvbYIZd293bW9hcmhvc3Q3NDQuYmFkc3NsLmNvbYIZd293bW9hcmhv
c3Q3NDUuYmFkc3NsLmNvbYIZd293bW9hcmhvc3Q3NDYuYmFkc3NsLmNvbYIZd293
bW9hcmhvc3Q3NDcuYmFkc3NsLmNvbYIZd293bW9hcmhvc3Q3NDguYmFkc3NsLmNv
bYIZd293bW9hcmhvc3Q3NDkuYmFkc3NsLmNvbYIYd293bW9hcmhvc3Q3NS5iYWRz
c2wuY29tghl3b3dtb2FyaG9zdDc1MC5iYWRzc2wuY29tghl3b3dtb2FyaG9zdDc1
MS5iYWRzc2wuY29tghl3b3dtb2FyaG9zdDc1Mi5iYWRzc2wuY29tghl3b3dtb2Fy
aG9zdDc1My5iYWRzc2wuY29tghl3b3dtb2FyaG9zdDc1NC5iYWRzc2wuY29tghl3
b3dtb2FyaG9zdDc1NS5iYWRzc2wuY29tghl3b3dtb2FyaG9zdDc1Ni5iYWRzc2wu
Y29tghl3b3dtb2FyaG9zdDc1Ny5iYWRzc2wuY29tghl3b3dtb2FyaG9zdDc1OC5i
YWRzc2wuY29tghl3b3dtb2FyaG9zdDc1OS5iYWRzc2wuY29tghh3b3dtb2FyaG9z
dDc2LmJhZHNzbC5jb22CGXdvd21vYXJob3N0NzYwLmJhZHNzbC5jb22CGXdvd21v
YXJob3N0NzYxLmJhZHNzbC5jb22CGXdvd21vYXJob3N0NzYyLmJhZHNzbC5jb22C
GXdvd21vYXJob3N0NzYzLmJhZHNzbC5jb22CGXdvd21vYXJob3N0NzY0LmJhZHNz
bC5jb22CGXdvd21vYXJob3N0NzY1LmJhZHNzbC5jb22CGXdvd21vYXJob3N0NzY2
LmJhZHNzbC5jb22CGXdvd21vYXJob3N0NzY3LmJhZHNzbC5jb22CGXdvd21vYXJo
b3N0NzY4LmJhZHNzbC5jb22CGXdvd21vYXJob3N0NzY5LmJhZHNzbC5jb22CGHdv
d21vYXJob3N0NzcuYmFkc3NsLmNvbYIZd293bW9hcmhvc3Q3NzAuYmFkc3NsLmNv
bYIZd293bW9hcmhvc3Q3NzEuYmFkc3NsLmNvbYIZd293bW9hcmhvc3Q3NzIuYmFk
c3NsLmNvbYIZd293bW9hcmhvc3Q3NzMuYmFkc3NsLmNvbYIZd293bW9hcmhvc3Q3
NzQuYmFkc3NsLmNvbYIZd293bW9hcmhvc3Q3NzUuYmFkc3NsLmNvbYIZd293bW9h
cmhvc3Q3NzYuYmFkc3NsLmNvbYIZd293bW9hcmhvc3Q3NzcuYmFkc3NsLmNvbYIZ
d293bW9hcmhvc3Q3NzguYmFkc3NsLmNvbYIZd293bW9hcmhvc3Q3NzkuYmFkc3Ns
LmNvbYIYd293bW9hcmhvc3Q3OC5iYWRzc2wuY29tghl3b3dtb2FyaG9zdDc4MC5i
YWRzc2wuY29tghl3b3dtb2FyaG9zdDc4MS5iYWRzc2wuY29tghl3b3dtb2FyaG9z
dDc4Mi5iYWRzc2wuY29tghl3b3dtb2FyaG9zdDc4My5iYWRzc2wuY29tghl3b3dt
b2FyaG9zdDc4NC5iYWRzc2wuY29tghl3b3dtb2FyaG9zdDc4NS5iYWRzc2wuY29t
ghl3b3dtb2FyaG9zdDc4Ni5iYWRzc2wuY29tghl3b3dtb2FyaG9zdDc4Ny5iYWRz
c2wuY29tghl3b3dtb2FyaG9zdDc4OC5iYWRzc2wuY29tghl3b3dtb2FyaG9zdDc4
OS5iYWRzc2wuY29tghh3b3dtb2FyaG9zdDc5LmJhZHNzbC5jb22CGXdvd21vYXJo
b3N0NzkwLmJhZHNzbC5jb22CGXdvd21vYXJob3N0NzkxLmJhZHNzbC5jb22CGXdv
d21vYXJob3N0NzkyLmJhZHNzbC5jb22CGXdvd21vYXJob3N0NzkzLmJhZHNzbC5j
b22CGXdvd21vYXJob3N0Nzk0LmJhZHNzbC5jb22CGXdvd21vYXJob3N0Nzk1LmJh
ZHNzbC5jb22CGXdvd21vYXJob3N0Nzk2LmJhZHNzbC5jb22CGXdvd21vYXJob3N0
Nzk3LmJhZHNzbC5jb22CGXdvd21vYXJob3N0Nzk4LmJhZHNzbC5jb22CGXdvd21v
YXJob3N0Nzk5LmJhZHNzbC5jb22CF3dvd21vYXJob3N0OC5iYWRzc2wuY29tghh3
b3dtb2FyaG9zdDgwLmJhZHNzbC5jb22CGXdvd21vYXJob3N0ODAwLmJhZHNzbC5j
b22CGXdvd21vYXJob3N0ODAxLmJhZHNzbC5jb22CGXdvd21vYXJob3N0ODAyLmJh
ZHNzbC5jb22CGXdvd21vYXJob3N0ODAzLmJhZHNzbC5jb22CGXdvd21vYXJob3N0
ODA0LmJhZHNzbC5jb22CGXdvd21vYXJob3N0ODA1LmJhZHNzbC5jb22CGXdvd21v
YXJob3N0ODA2LmJhZHNzbC5jb22CGXdvd21vYXJob3N0ODA3LmJhZHNzbC5jb22C
GXdvd21vYXJob3N0ODA4LmJhZHNzbC5jb22CGXdvd21vYXJob3N0ODA5LmJhZHNz
bC5jb22CGHdvd21vYXJob3N0ODEuYmFkc3NsLmNvbYIZd293bW9hcmhvc3Q4MTAu
YmFkc3NsLmNvbYIZd293bW9hcmhvc3Q4MTEuYmFkc3NsLmNvbYIZd293bW9hcmhv
c3Q4MTIuYmFkc3NsLmNvbYIZd293bW9hcmhvc3Q4MTMuYmFkc3NsLmNvbYIZd293
bW9hcmhvc3Q4MTQuYmFkc3NsLmNvbYIZd293bW9hcmhvc3Q4MTUuYmFkc3NsLmNv
bYIZd293bW9hcmhvc3Q4MTYuYmFkc3NsLmNvbYIZd293bW9hcmhvc3Q4MTcuYmFk
c3NsLmNvbYIZd293bW9hcmhvc3Q4MTguYmFkc3NsLmNvbYIZd293bW9hcmhvc3Q4
MTkuYmFkc3NsLmNvbYIYd293bW9hcmhvc3Q4Mi5iYWRzc2wuY29tghl3b3dtb2Fy
aG9zdDgyMC5iYWRzc2wuY29tghl3b3dtb2FyaG9zdDgyMS5iYWRzc2wuY29tghl3
b3dtb2FyaG9zdDgyMi5iYWRzc2wuY29tghl3b3dtb2FyaG9zdDgyMy5iYWRzc2wu
Y29tghl3b3dtb2FyaG9zdDgyNC5iYWRzc2wuY29tghl3b3dtb2FyaG9zdDgyNS5i
YWRzc2wuY29tghl3b3dtb2FyaG9zdDgyNi5iYWRzc2wuY29tghl3b3dtb2FyaG9z
dDgyNy5iYWRzc2wuY29tghl3b3dtb2FyaG9zdDgyOC5iYWRzc2wuY29tghl3b3dt
b2FyaG9zdDgyOS5iYWRzc2wuY29tghh3b3dtb2FyaG9zdDgzLmJhZHNzbC5jb22C
GXdvd21vYXJob3N0ODMwLmJhZHNzbC5jb22CGXdvd21vYXJob3N0ODMxLmJhZHNz
bC5jb22CGXdvd21vYXJob3N0ODMyLmJhZHNzbC5jb22CGXdvd21vYXJob3N0ODMz
LmJhZHNzbC5jb22CGXdvd21vYXJob3N0ODM0LmJhZHNzbC5jb22CGXdvd21vYXJo
b3N0ODM1LmJhZHNzbC5jb22CGXdvd21vYXJob3N0ODM2LmJhZHNzbC5jb22CGXdv
d21vYXJob3N0ODM3LmJhZHNzbC5jb22CGXdvd21vYXJob3N0ODM4LmJhZHNzbC5j
b22CGXdvd21vYXJob3N0ODM5LmJhZHNzbC5jb22CGHdvd21vYXJob3N0ODQuYmFk
c3NsLmNvbYIZd293bW9hcmhvc3Q4NDAuYmFkc3NsLmNvbYIZd293bW9hcmhvc3Q4
NDEuYmFkc3NsLmNvbYIZd293bW9hcmhvc3Q4NDIuYmFkc3NsLmNvbYIZd293bW9h
cmhvc3Q4NDMuYmFkc3NsLmNvbYIZd293bW9hcmhvc3Q4NDQuYmFkc3NsLmNvbYIZ
d293bW9hcmhvc3Q4NDUuYmFkc3NsLmNvbYIZd293bW9hcmhvc3Q4NDYuYmFkc3Ns
LmNvbYIZd293bW9hcmhvc3Q4NDcuYmFkc3NsLmNvbYIZd293bW9hcmhvc3Q4NDgu
YmFkc3NsLmNvbYIZd293bW9hcmhvc3Q4NDkuYmFkc3NsLmNvbYIYd293bW9hcmhv
c3Q4NS5iYWRzc2wuY29tghl3b3dtb2FyaG9zdDg1MC5iYWRzc2wuY29tghl3b3dt
b2FyaG9zdDg1MS5iYWRzc2wuY29tghl3b3dtb2FyaG9zdDg1Mi5iYWRzc2wuY29t
ghl3b3dtb2FyaG9zdDg1My5iYWRzc2wuY29tghl3b3dtb2FyaG9zdDg1NC5iYWRz
c2wuY29tghl3b3dtb2FyaG9zdDg1NS5iYWRzc2wuY29tghl3b3dtb2FyaG9zdDg1
Ni5iYWRzc2wuY29tghl3b3dtb2FyaG9zdDg1Ny5iYWRzc2wuY29tghl3b3dtb2Fy
aG9zdDg1OC5iYWRzc2wuY29tghl3b3dtb2FyaG9zdDg1OS5iYWRzc2wuY29tghh3
b3dtb2FyaG9zdDg2LmJhZHNzbC5jb22CGXdvd21vYXJob3N0ODYwLmJhZHNzbC5j
b22CGXdvd21vYXJob3N0ODYxLmJhZHNzbC5jb22CGXdvd21vYXJob3N0ODYyLmJh
ZHNzbC5jb22CGXdvd21vYXJob3N0ODYzLmJhZHNzbC5jb22CGXdvd21vYXJob3N0
ODY0LmJhZHNzbC5jb22CGXdvd21vYXJob3N0ODY1LmJhZHNzbC5jb22CGXdvd21v
YXJob3N0ODY2LmJhZHNzbC5jb22CGXdvd21vYXJob3N0ODY3LmJhZHNzbC5jb22C
GXdvd21vYXJob3N0ODY4LmJhZHNzbC5jb22CGXdvd21vYXJob3N0ODY5LmJhZHNz
bC5jb22CGHdvd21vYXJob3N0ODcuYmFkc3NsLmNvbYIZd293bW9hcmhvc3Q4NzAu
YmFkc3NsLmNvbYIZd293bW9hcmhvc3Q4NzEuYmFkc3NsLmNvbYIZd293bW9hcmhv
c3Q4NzIuYmFkc3NsLmNvbYIZd293bW9hcmhvc3Q4NzMuYmFkc3NsLmNvbYIZd293
bW9hcmhvc3Q4NzQuYmFkc3NsLmNvbYIZd293bW9hcmhvc3Q4NzUuYmFkc3NsLmNv
bYIZd293bW9hcmhvc3Q4NzYuYmFkc3NsLmNvbYIZd293bW9hcmhvc3Q4NzcuYmFk
c3NsLmNvbYIZd293bW9hcmhvc3Q4NzguYmFkc3NsLmNvbYIZd293bW9hcmhvc3Q4
NzkuYmFkc3NsLmNvbYIYd293bW9hcmhvc3Q4OC5iYWRzc2wuY29tghl3b3dtb2Fy
aG9zdDg4MC5iYWRzc2wuY29tghl3b3dtb2FyaG9zdDg4MS5iYWRzc2wuY29tghl3
b3dtb2FyaG9zdDg4Mi5iYWRzc2wuY29tghl3b3dtb2FyaG9zdDg4My5iYWRzc2wu
Y29tghl3b3dtb2FyaG9zdDg4NC5iYWRzc2wuY29tghl3b3dtb2FyaG9zdDg4NS5i
YWRzc2wuY29tghl3b3dtb2FyaG9zdDg4Ni5iYWRzc2wuY29tghl3b3dtb2FyaG9z
dDg4Ny5iYWRzc2wuY29tghl3b3dtb2FyaG9zdDg4OC5iYWRzc2wuY29tghl3b3dt
b2FyaG9zdDg4OS5iYWRzc2wuY29tghh3b3dtb2FyaG9zdDg5LmJhZHNzbC5jb22C
GXdvd21vYXJob3N0ODkwLmJhZHNzbC5jb22CGXdvd21vYXJob3N0ODkxLmJhZHNz
bC5jb22CGXdvd21vYXJob3N0ODkyLmJhZHNzbC5jb22CGXdvd21vYXJob3N0ODkz
LmJhZHNzbC5jb22CGXdvd21vYXJob3N0ODk0LmJhZHNzbC5jb22CGXdvd21vYXJo
b3N0ODk1LmJhZHNzbC5jb22CGXdvd21vYXJob3N0ODk2LmJhZHNzbC5jb22CGXdv
d21vYXJob3N0ODk3LmJhZHNzbC5jb22CGXdvd21vYXJob3N0ODk4LmJhZHNzbC5j
b22CGXdvd21vYXJob3N0ODk5LmJhZHNzbC5jb22CF3dvd21vYXJob3N0OS5iYWRz
c2wuY29tghh3b3dtb2FyaG9zdDkwLmJhZHNzbC5jb22CGXdvd21vYXJob3N0OTAw
LmJhZHNzbC5jb22CGXdvd21vYXJob3N0OTAxLmJhZHNzbC5jb22CGXdvd21vYXJo
b3N0OTAyLmJhZHNzbC5jb22CGXdvd21vYXJob3N0OTAzLmJhZHNzbC5jb22CGXdv
d21vYXJob3N0OTA0LmJhZHNzbC5jb22CGXdvd21vYXJob3N0OTA1LmJhZHNzbC5j
b22CGXdvd21vYXJob3N0OTA2LmJhZHNzbC5jb22CGXdvd21vYXJob3N0OTA3LmJh
ZHNzbC5jb22CGXdvd21vYXJob3N0OTA4LmJhZHNzbC5jb22CGXdvd21vYXJob3N0
OTA5LmJhZHNzbC5jb22CGHdvd21vYXJob3N0OTEuYmFkc3NsLmNvbYIZd293bW9h
cmhvc3Q5MTAuYmFkc3NsLmNvbYIZd293bW9hcmhvc3Q5MTEuYmFkc3NsLmNvbYIZ
d293bW9hcmhvc3Q5MTIuYmFkc3NsLmNvbYIZd293bW9hcmhvc3Q5MTMuYmFkc3Ns
LmNvbYIZd293bW9hcmhvc3Q5MTQuYmFkc3NsLmNvbYIZd293bW9hcmhvc3Q5MTUu
YmFkc3NsLmNvbYIZd293bW9hcmhvc3Q5MTYuYmFkc3NsLmNvbYIZd293bW9hcmhv
c3Q5MTcuYmFkc3NsLmNvbYIZd293bW9hcmhvc3Q5MTguYmFkc3NsLmNvbYIZd293
bW9hcmhvc3Q5MTkuYmFkc3NsLmNvbYIYd293bW9hcmhvc3Q5Mi5iYWRzc2wuY29t
ghl3b3dtb2FyaG9zdDkyMC5iYWRzc2wuY29tghl3b3dtb2FyaG9zdDkyMS5iYWRz
c2wuY29tghl3b3dtb2FyaG9zdDkyMi5iYWRzc2wuY29tghl3b3dtb2FyaG9zdDky
My5iYWRzc2wuY29tghl3b3dtb2FyaG9zdDkyNC5iYWRzc2wuY29tghl3b3dtb2Fy
aG9zdDkyNS5iYWRzc2wuY29tghl3b3dtb2FyaG9zdDkyNi5iYWRzc2wuY29tghl3
b3dtb2FyaG9zdDkyNy5iYWRzc2wuY29tghl3b3dtb2FyaG9zdDkyOC5iYWRzc2wu
Y29tghl3b3dtb2FyaG9zdDkyOS5iYWRzc2wuY29tghh3b3dtb2FyaG9zdDkzLmJh
ZHNzbC5jb22CGXdvd21vYXJob3N0OTMwLmJhZHNzbC5jb22CGXdvd21vYXJob3N0
OTMxLmJhZHNzbC5jb22CGXdvd21vYXJob3N0OTMyLmJhZHNzbC5jb22CGXdvd21v
YXJob3N0OTMzLmJhZHNzbC5jb22CGXdvd21vYXJob3N0OTM0LmJhZHNzbC5jb22C
GXdvd21vYXJob3N0OTM1LmJhZHNzbC5jb22CGXdvd21vYXJob3N0OTM2LmJhZHNz
bC5jb22CGXdvd21vYXJob3N0OTM3LmJhZHNzbC5jb22CGXdvd21vYXJob3N0OTM4
LmJhZHNzbC5jb22CGXdvd21vYXJob3N0OTM5LmJhZHNzbC5jb22CGHdvd21vYXJo
b3N0OTQuYmFkc3NsLmNvbYIZd293bW9hcmhvc3Q5NDAuYmFkc3NsLmNvbYIZd293
bW9hcmhvc3Q5NDEuYmFkc3NsLmNvbYIZd293bW9hcmhvc3Q5NDIuYmFkc3NsLmNv
bYIZd293bW9hcmhvc3Q5NDMuYmFkc3NsLmNvbYIZd293bW9hcmhvc3Q5NDQuYmFk
c3NsLmNvbYIZd293bW9hcmhvc3Q5NDUuYmFkc3NsLmNvbYIZd293bW9hcmhvc3Q5
NDYuYmFkc3NsLmNvbYIZd293bW9hcmhvc3Q5NDcuYmFkc3NsLmNvbYIZd293bW9h
cmhvc3Q5NDguYmFkc3NsLmNvbYIZd293bW9hcmhvc3Q5NDkuYmFkc3NsLmNvbYIY
d293bW9hcmhvc3Q5NS5iYWRzc2wuY29tghl3b3dtb2FyaG9zdDk1MC5iYWRzc2wu
Y29tghl3b3dtb2FyaG9zdDk1MS5iYWRzc2wuY29tghl3b3dtb2FyaG9zdDk1Mi5i
YWRzc2wuY29tghl3b3dtb2FyaG9zdDk1My5iYWRzc2wuY29tghl3b3dtb2FyaG9z
dDk1NC5iYWRzc2wuY29tghl3b3dtb2FyaG9zdDk1NS5iYWRzc2wuY29tghl3b3dt
b2FyaG9zdDk1Ni5iYWRzc2wuY29tghl3b3dtb2FyaG9zdDk1Ny5iYWRzc2wuY29t
ghl3b3dtb2FyaG9zdDk1OC5iYWRzc2wuY29tghl3b3dtb2FyaG9zdDk1OS5iYWRz
c2wuY29tghh3b3dtb2FyaG9zdDk2LmJhZHNzbC5jb22CGXdvd21vYXJob3N0OTYw
LmJhZHNzbC5jb22CGXdvd21vYXJob3N0OTYxLmJhZHNzbC5jb22CGXdvd21vYXJo
b3N0OTYyLmJhZHNzbC5jb22CGXdvd21vYXJob3N0OTYzLmJhZHNzbC5jb22CGXdv
d21vYXJob3N0OTY0LmJhZHNzbC5jb22CGXdvd21vYXJob3N0OTY1LmJhZHNzbC5j
b22CGXdvd21vYXJob3N0OTY2LmJhZHNzbC5jb22CGXdvd21vYXJob3N0OTY3LmJh
ZHNzbC5jb22CGXdvd21vYXJob3N0OTY4LmJhZHNzbC5jb22CGXdvd21vYXJob3N0
OTY5LmJhZHNzbC5jb22CGHdvd21vYXJob3N0OTcuYmFkc3NsLmNvbYIZd293bW9h
cmhvc3Q5NzAuYmFkc3NsLmNvbYIZd293bW9hcmhvc3Q5NzEuYmFkc3NsLmNvbYIZ
d293bW9hcmhvc3Q5NzIuYmFkc3NsLmNvbYIZd293bW9hcmhvc3Q5NzMuYmFkc3Ns
LmNvbYIZd293bW9hcmhvc3Q5NzQuYmFkc3NsLmNvbYIZd293bW9hcmhvc3Q5NzUu
YmFkc3NsLmNvbYIZd293bW9hcmhvc3Q5NzYuYmFkc3NsLmNvbYIZd293bW9hcmhv
c3Q5NzcuYmFkc3NsLmNvbYIZd293bW9hcmhvc3Q5NzguYmFkc3NsLmNvbYIZd293
bW9hcmhvc3Q5NzkuYmFkc3NsLmNvbYIYd293bW9hcmhvc3Q5OC5iYWRzc2wuY29t
ghl3b3dtb2FyaG9zdDk4MC5iYWRzc2wuY29tghl3b3dtb2FyaG9zdDk4MS5iYWRz
c2wuY29tghl3b3dtb2FyaG9zdDk4Mi5iYWRzc2wuY29tghl3b3dtb2FyaG9zdDk4
My5iYWRzc2wuY29tghl3b3dtb2FyaG9zdDk4NC5iYWRzc2wuY29tghl3b3dtb2Fy
aG9zdDk4NS5iYWRzc2wuY29tghl3b3dtb2FyaG9zdDk4Ni5iYWRzc2wuY29tghl3
b3dtb2FyaG9zdDk4Ny5iYWRzc2wuY29tghl3b3dtb2FyaG9zdDk4OC5iYWRzc2wu
Y29tghl3b3dtb2FyaG9zdDk4OS5iYWRzc2wuY29tghh3b3dtb2FyaG9zdDk5LmJh
ZHNzbC5jb22CGXdvd21vYXJob3N0OTkwLmJhZHNzbC5jb22CGXdvd21vYXJob3N0
OTkxLmJhZHNzbC5jb22CGXdvd21vYXJob3N0OTkyLmJhZHNzbC5jb22CGXdvd21v
YXJob3N0OTkzLmJhZHNzbC5jb22CGXdvd21vYXJob3N0OTk0LmJhZHNzbC5jb22C
GXdvd21vYXJob3N0OTk1LmJhZHNzbC5jb22CGXdvd21vYXJob3N0OTk2LmJhZHNz
bC5jb22CGXdvd21vYXJob3N0OTk3LmJhZHNzbC5jb22CGXdvd21vYXJob3N0OTk4
LmJhZHNzbC5jb22CGXdvd21vYXJob3N0OTk5LmJhZHNzbC5jb20wDQYJKoZIhvcN
AQELBQADggEBAAKKg0I52pRyDwM14Y8eHTObIjiDU82QGnxoaFoxBp1VEtymzRYi
BtfTeNW/9gh5kzkbmBOLQvCmqZgBqYQQ7UiTYeJxiJQqbFChMSz7yGhk9ntnT7nm
lXDPjdLPPK7HaH8bFaG9OjsRtC81rA68Y4lAnm55PI04v+xCCsiR6rgFtJjUi/CJ
0dYYCOyCAlVEFEYRjVD8wspucCuYLWSZOT7SKCLvryTxoWRVaWQKqqeHojf9Ckpv
Uwnf0ukPlkwUMUzZGodHdKccMfWItUBbtPnpdhRs74Z/JD/D7RonCdXwCMNcCEPn
AJ27Gs0UpKddv6EYkIha0oIYUPNw38iQbYw=
-----END CERTIFICATE-----
subject=/OU=Domain Control Validated/OU=COMODO SSL Unified Communications/CN=1000-sans.badssl.com
issuer=/C=GB/ST=Greater Manchester/L=Salford/O=COMODO CA Limited/CN=COMODO RSA Domain Validation Secure Server CA
---
No client certificate CA names sent
Server Temp Key: ECDH, P-256, 256 bits
---
SSL handshake has read 32984 bytes and written 355 bytes
---
New, TLSv1/SSLv3, Cipher is ECDHE-RSA-AES128-GCM-SHA256
Server public key is 2048 bit
Secure Renegotiation IS supported
Compression: NONE
Expansion: NONE
No ALPN negotiated
SSL-Session:
    Protocol  : TLSv1.2
    Cipher    : ECDHE-RSA-AES128-GCM-SHA256
    Session-ID: A5123505BC9974B7EB2B287C118ECBC22FF5BBE1F56D8844CA0CB2BD6F6953B0
    Session-ID-ctx: 
    Master-Key: AA372666810079845634B9DA0DE35E2F8176C3282783177AB9451C167B130A38EFFDEB730D79A3A04887DA791C1F0342
    TLS session ticket lifetime hint: 300 (seconds)
    TLS session ticket:
    0000 - 02 b2 c2 5a e5 5a 53 62-ea ff 91 b8 af 55 d4 37   ...Z.ZSb.....U.7
    0010 - 03 23 85 5b 72 35 9f 86-97 69 c7 8f 16 7c cc 69   .#.[r5...i...|.i
    0020 - b0 61 19 c3 3a 22 c7 2d-da 83 be 0d ff 40 cc 5f   .a..:".-.....@._
    0030 - 08 3b a7 fd 80 63 02 6f-c8 28 0f be ef 81 4b 33   .;...c.o.(....K3
    0040 - 14 52 78 d9 dc 1a b5 a8-2e 5e d5 a4 03 df d3 af   .Rx......^......
    0050 - 0d 5f 1e 80 18 8f aa fc-b7 fd f9 d0 64 99 9a 7f   ._..........d...
    0060 - 44 10 4d 57 6c cb d2 53-46 ae d2 a2 31 5b 25 42   D.MWl..SF...1[%B
    0070 - 2c 56 d4 9c d1 b5 6b ea-8e 85 e1 84 09 b1 de 4d   ,V....k........M
    0080 - 6f 83 49 24 f9 70 f3 ed-58 fb e9 69 40 6a ab 2e   o.I$.p..X..i@j..
    0090 - 34 bc 52 3b 20 5a 41 b8-e0 80 e6 94 f8 ca 46 64   4.R; ZA.......Fd
    00a0 - df 8a a2 b6 29 7a 88 5f-0a a5 92 a3 8d 45 42 cc   ....)z._.....EB.
    00b0 - 9c 5d b4 43 0d 4f 08 4a-c9 20 7f c3 25 57 8f 93   .].C.O.J. ..%W..

    Start Time: 1560796770
    Timeout   : 7200 (sec)
    Verify return code: 10 (certificate has expired)
---
