CONNECTED(00000005)
---
Certificate chain
 0 s:/C=US/ST=California/L=Walnut Creek/O=Lucas Garron/CN=*.badssl.com
   i:/C=US/O=DigiCert Inc/CN=DigiCert SHA2 Secure Server CA
---
Server certificate
-----BEGIN CERTIFICATE-----
MIIHGDCCBgCgAwIBAgIQAfICAx39qY79/w9yvlEGDTANBgkqhkiG9w0BAQsFADBN
MQswCQYDVQQGEwJVUzEVMBMGA1UEChMMRGlnaUNlcnQgSW5jMScwJQYDVQQDEx5E
aWdpQ2VydCBTSEEyIFNlY3VyZSBTZXJ2ZXIgQ0EwHhcNMTcwMzE4MDAwMDAwWhcN
MjAwMzI1MTIwMDAwWjBnMQswCQYDVQQGEwJVUzETMBEGA1UECBMKQ2FsaWZvcm5p
YTEVMBMGA1UEBxMMV2FsbnV0IENyZWVrMRUwEwYDVQQKEwxMdWNhcyBHYXJyb24x
FTATBgNVBAMMDCouYmFkc3NsLmNvbTCCASIwDQYJKoZIhvcNAQEBBQADggEPADCC
AQoCggEBAMIE7PiM7gTCs9hQ1XBYzJMY61yoaEmwIrX5lZ6xKyx2PmzAS2BMTOqy
tMAPgLaw+XLJhgL5XEFdEyt/ccRLvOmULlA3pmccYYz2QULFRtMWhyefdOsKnRFS
JiFzbIRMeVXk0WvoBj1IFVKtsyjbqv9u/2CVSndrOfEk0TG23U3AxPxTuW1CrbV8
/q71FdIzSOciccfCFHpsKOo3St/qbLVytH5aohbcabFXRNsKEqveww9HdFxBIuGa
+RuT5q0iBikusbpJHAwnnqP7i/dAcgCskgjZjFeEU4EFy+b+a1SYQCeFxxC7c3Dv
aRhBB0VVfPlkPz0sw6l865MaTIbRyoUCAwEAAaOCA9gwggPUMB8GA1UdIwQYMBaA
FA+AYRyCMWHVLyjnjUY4tCzhxtniMB0GA1UdDgQWBBSd7sF7gQs6R2lxGH0RN5O8
pRs/+zAjBgNVHREEHDAaggwqLmJhZHNzbC5jb22CCmJhZHNzbC5jb20wDgYDVR0P
AQH/BAQDAgWgMB0GA1UdJQQWMBQGCCsGAQUFBwMBBggrBgEFBQcDAjBrBgNVHR8E
ZDBiMC+gLaArhilodHRwOi8vY3JsMy5kaWdpY2VydC5jb20vc3NjYS1zaGEyLWc1
LmNybDAvoC2gK4YpaHR0cDovL2NybDQuZGlnaWNlcnQuY29tL3NzY2Etc2hhMi1n
NS5jcmwwTAYDVR0gBEUwQzA3BglghkgBhv1sAQEwKjAoBggrBgEFBQcCARYcaHR0
cHM6Ly93d3cuZGlnaWNlcnQuY29tL0NQUzAIBgZngQwBAgMwfAYIKwYBBQUHAQEE
cDBuMCQGCCsGAQUFBzABhhhodHRwOi8vb2NzcC5kaWdpY2VydC5jb20wRgYIKwYB
BQUHMAKGOmh0dHA6Ly9jYWNlcnRzLmRpZ2ljZXJ0LmNvbS9EaWdpQ2VydFNIQTJT
ZWN1cmVTZXJ2ZXJDQS5jcnQwDAYDVR0TAQH/BAIwADCCAfUGCisGAQQB1nkCBAIE
ggHlBIIB4QHfAHYApLkJkLQYWBSHuxOizGdwCjw1mAT5G9+443fNDsgN3BAAAAFa
36pBXQAABAMARzBFAiEAzR4KqC0zoD8FzR8Jk0wH3CMLf/j0s/sMFySg5gsIP3oC
IHaSYDQXuInRJq1WHUHIwcdt7AscZAFWgEaCzh+8+QvCAHYAVhQGmi/XwuzT9eG9
RLI+x0Z2ubyZEVzA75SYVdaJ0N0AAAFa36pCiAAABAMARzBFAiBPti1ehDk+YdyW
s4qjScmz9kuzTWor6jQYk8/GZDwRHwIhAPvbr23VquHaId4nvBHit7YGdJXpu7En
UZRQrU1P0lLVAHUA7ku9t3XOYLrhQmkfq+GeZqMPfl+wctiDAMR7iXqo/csAAAFa
36pEWQAABAMARjBEAiBUQkeTNpBWju4/OXnxjOOlowEXos1XsItqfLkajzv6cQIg
QLzLDhSKvxVRNq/4Z1rfbh8iEYM6Hj52NpO9+L0565oAdgC72d+8H4pxtZOUI5eq
kntHOFeVCqtS6BqQlmQ2jh7RhQAAAVrfqkIWAAAEAwBHMEUCIHhqWRiCNNf8h3i2
ADwso5l22FFp8H6jBBp+6B2PaBSUAiEAmk8vYlhgaLLc0Gkc+MkUIZ9sEoLR+tOF
BLatSTQk1EowDQYJKoZIhvcNAQELBQADggEBAGl6hl3sDaxY762cJc5fxNG9Kc/Q
Wvf5YzTLNxIuxEfTsj/Zgm+Q2hFl9enYRj4M1Weo/sw/8Jw9DGSuypOiYXCz9Ikx
0Fc2j/Oq939JU5+ok1AikAeXna4DFTtw8ByIchrU6tbZa/JocSM0WZl7WIrgOtvw
T+qCyI9JgYCnWRbPRfhZrlKxqQpwoP++aFV0HOBR9nj/Rzisq8ZGn7f6HKVxlqHS
lBdhbmcHA/nHgbpwU2bmonivndvnpQHI8Fxd4BzbcRYM+ZIkATWA5/aOvH/EEIb6
kwipaXsqHLfaJq1SY5G097HgWHWCkCUD/pxX6psTTavqftLenSd7piK3+fw=
-----END CERTIFICATE-----
subject=/C=US/ST=California/L=Walnut Creek/O=Lucas Garron/CN=*.badssl.com
issuer=/C=US/O=DigiCert Inc/CN=DigiCert SHA2 Secure Server CA
---
No client certificate CA names sent
Server Temp Key: ECDH, P-256, 256 bits
---
SSL handshake has read 2526 bytes and written 362 bytes
---
New, TLSv1/SSLv3, Cipher is ECDHE-RSA-AES128-GCM-SHA256
Server public key is 2048 bit
Secure Renegotiation IS supported
Compression: NONE
Expansion: NONE
No ALPN negotiated
SSL-Session:
    Protocol  : TLSv1.2
    Cipher    : ECDHE-RSA-AES128-GCM-SHA256
    Session-ID: 59341375746F454DB9A061579DF32EB64673D50133329862DE2B7C0E9C1D353D
    Session-ID-ctx: 
    Master-Key: 9A23ACF668F63C03EB81BC481A79F753DD0430CFDB9A79B3319FD1EA85B24F572D7E04BB2DB970358F42E1E33BA1D558
    TLS session ticket lifetime hint: 300 (seconds)
    TLS session ticket:
    0000 - 02 b2 c2 5a e5 5a 53 62-ea ff 91 b8 af 55 d4 37   ...Z.ZSb.....U.7
    0010 - 6b c8 a0 84 db d0 d2 fa-6a c7 17 f2 86 bb ed ff   k.......j.......
    0020 - 71 fa 8d de 1f 6f 5e 97-f6 ac 99 03 e3 f6 7a 14   q....o^.......z.
    0030 - 62 9f 34 48 1f 90 d4 cc-75 c5 04 97 b7 e5 c4 46   b.4H....u......F
    0040 - ed e3 30 6e ef f3 06 27-61 bd 7b 86 a6 6f de a2   ..0n...'a.{..o..
    0050 - e6 79 34 9c 31 18 3f 1f-3f 1c 7c 8d d9 0f 6c 05   .y4.1.?.?.|...l.
    0060 - a7 57 79 d5 a7 0a 46 42-a3 1d d6 a2 a7 12 c2 4f   .Wy...FB.......O
    0070 - c8 06 1c 60 d0 9c 8b a3-00 e7 9b 4c 21 73 71 f3   ...`.......L!sq.
    0080 - b8 4a da f1 b9 54 59 5c-17 7c 47 ea f3 6a 5c 71   .J...TY\.|G..j\q
    0090 - df 99 3b 7a 8e 93 af ec-fa 9b 91 a4 6d ff 6f e4   ..;z........m.o.
    00a0 - e1 9d 83 05 c6 87 95 ed-04 93 2d 3b cf 36 49 c0   ..........-;.6I.
    00b0 - ed 4e 60 17 ae 27 b9 34-e8 f8 10 89 d5 0c f5 c5   .N`..'.4........
    00c0 - 7c cd db c5 bd c2 b5 cf-66 0b 42 56 9f 0c f2 0a   |.......f.BV....

    Start Time: 1560796770
    Timeout   : 7200 (sec)
    Verify return code: 21 (unable to verify the first certificate)
---
