CONNECTED(00000005)
---
Certificate chain
 0 s:/C=US/ST=California/L=Walnut Creek/O=Lucas Garron/OU=Multi-Domain SSL
   i:/C=GB/ST=Greater Manchester/L=Salford/O=COMODO CA Limited/CN=COMODO RSA Organization Validation Secure Server CA
 1 s:/C=GB/ST=Greater Manchester/L=Salford/O=COMODO CA Limited/CN=COMODO RSA Organization Validation Secure Server CA
   i:/C=GB/ST=Greater Manchester/L=Salford/O=COMODO CA Limited/CN=COMODO RSA Certification Authority
 2 s:/C=GB/ST=Greater Manchester/L=Salford/O=COMODO CA Limited/CN=COMODO RSA Certification Authority
   i:/C=SE/O=AddTrust AB/OU=AddTrust External TTP Network/CN=AddTrust External CA Root
---
Server certificate
-----BEGIN CERTIFICATE-----
MIIFcTCCBFmgAwIBAgIQb2K/ExoExTaU4F70HuUTJTANBgkqhkiG9w0BAQsFADCB
ljELMAkGA1UEBhMCR0IxGzAZBgNVBAgTEkdyZWF0ZXIgTWFuY2hlc3RlcjEQMA4G
A1UEBxMHU2FsZm9yZDEaMBgGA1UEChMRQ09NT0RPIENBIExpbWl0ZWQxPDA6BgNV
BAMTM0NPTU9ETyBSU0EgT3JnYW5pemF0aW9uIFZhbGlkYXRpb24gU2VjdXJlIFNl
cnZlciBDQTAeFw0xNzAzMjMwMDAwMDBaFw0yMDA2MjIyMzU5NTlaMGsxCzAJBgNV
BAYTAlVTMRMwEQYDVQQIEwpDYWxpZm9ybmlhMRUwEwYDVQQHEwxXYWxudXQgQ3Jl
ZWsxFTATBgNVBAoTDEx1Y2FzIEdhcnJvbjEZMBcGA1UECxMQTXVsdGktRG9tYWlu
IFNTTDCCASIwDQYJKoZIhvcNAQEBBQADggEPADCCAQoCggEBAMIE7PiM7gTCs9hQ
1XBYzJMY61yoaEmwIrX5lZ6xKyx2PmzAS2BMTOqytMAPgLaw+XLJhgL5XEFdEyt/
ccRLvOmULlA3pmccYYz2QULFRtMWhyefdOsKnRFSJiFzbIRMeVXk0WvoBj1IFVKt
syjbqv9u/2CVSndrOfEk0TG23U3AxPxTuW1CrbV8/q71FdIzSOciccfCFHpsKOo3
St/qbLVytH5aohbcabFXRNsKEqveww9HdFxBIuGa+RuT5q0iBikusbpJHAwnnqP7
i/dAcgCskgjZjFeEU4EFy+b+a1SYQCeFxxC7c3DvaRhBB0VVfPlkPz0sw6l865Ma
TIbRyoUCAwEAAaOCAeMwggHfMB8GA1UdIwQYMBaAFJrzK9rPrU+2L7sqSEgqErcb
QsEkMB0GA1UdDgQWBBSd7sF7gQs6R2lxGH0RN5O8pRs/+zAOBgNVHQ8BAf8EBAMC
BaAwDAYDVR0TAQH/BAIwADAdBgNVHSUEFjAUBggrBgEFBQcDAQYIKwYBBQUHAwIw
UAYDVR0gBEkwRzA7BgwrBgEEAbIxAQIBAwQwKzApBggrBgEFBQcCARYdaHR0cHM6
Ly9zZWN1cmUuY29tb2RvLmNvbS9DUFMwCAYGZ4EMAQICMFoGA1UdHwRTMFEwT6BN
oEuGSWh0dHA6Ly9jcmwuY29tb2RvY2EuY29tL0NPTU9ET1JTQU9yZ2FuaXphdGlv
blZhbGlkYXRpb25TZWN1cmVTZXJ2ZXJDQS5jcmwwgYsGCCsGAQUFBwEBBH8wfTBV
BggrBgEFBQcwAoZJaHR0cDovL2NydC5jb21vZG9jYS5jb20vQ09NT0RPUlNBT3Jn
YW5pemF0aW9uVmFsaWRhdGlvblNlY3VyZVNlcnZlckNBLmNydDAkBggrBgEFBQcw
AYYYaHR0cDovL29jc3AuY29tb2RvY2EuY29tMCQGA1UdEQQdMBuCGW5vLWNvbW1v
bi1uYW1lLmJhZHNzbC5jb20wDQYJKoZIhvcNAQELBQADggEBAGn8JUbAnmbzu/gW
f+YaNETISJzuGKI6a0TNe3ygcII1ju8modJKiPP6nDuf6X6rpvLc4ptad4cXti30
reCtSi+5d8wZVcG+pNiUu6/ujD+YM6mvv0hiuTUSVmgzLfyT8mYWUrhqRVq3bdid
jOYsUZTMTsCwP4psz9mSLYW1STBxLtZnZAT6e7PShbKx69Oj9k1ChGmzuyTs7bim
wu1LloluOp6TPIJlYfnQaHzNSKEJTaxCZSG/QGFPA00kmuKr0mchm//8sjEdAhcb
riynJbzZtK70hzX9bPDrPgOyyw7Epylr844hOLJMRtLDvzLqV79pSxQV5vTKaizt
F0Y7e2Y=
-----END CERTIFICATE-----
subject=/C=US/ST=California/L=Walnut Creek/O=Lucas Garron/OU=Multi-Domain SSL
issuer=/C=GB/ST=Greater Manchester/L=Salford/O=COMODO CA Limited/CN=COMODO RSA Organization Validation Secure Server CA
---
No client certificate CA names sent
Server Temp Key: ECDH, P-256, 256 bits
---
SSL handshake has read 5063 bytes and written 360 bytes
---
New, TLSv1/SSLv3, Cipher is ECDHE-RSA-AES128-GCM-SHA256
Server public key is 2048 bit
Secure Renegotiation IS supported
Compression: NONE
Expansion: NONE
No ALPN negotiated
SSL-Session:
    Protocol  : TLSv1.2
    Cipher    : ECDHE-RSA-AES128-GCM-SHA256
    Session-ID: 1DD6F383820E9E9A9F3CF7BE2F96D772CA08BCE89D29B0D9E0B05F5BCEE1CE7D
    Session-ID-ctx: 
    Master-Key: A4AEAA539AA1766E99AC3E08830AD1A84D6EEF48D69F414B8B01EAA1BA87708A61EF675A2E0671E149E0CEB1BF8FCC0A
    TLS session ticket lifetime hint: 300 (seconds)
    TLS session ticket:
    0000 - 02 b2 c2 5a e5 5a 53 62-ea ff 91 b8 af 55 d4 37   ...Z.ZSb.....U.7
    0010 - 19 7d 3b 01 96 cb 2a e2-9b 55 91 b6 1e fa 53 21   .};...*..U....S!
    0020 - 6f 46 4c 5c 01 2c be c4-9f 59 fe 76 33 2d f2 98   oFL\.,...Y.v3-..
    0030 - de cf 44 df 0d bf a5 c9-1e 9e c4 a4 5f 00 8d f0   ..D........._...
    0040 - de ab 16 1a 51 a3 3d db-48 40 f7 2c 0f 9a 98 76   ....Q.=.H@.,...v
    0050 - 2a b6 2c d3 ea d2 15 44-cd b8 ea 8f 7e ee 65 90   *.,....D....~.e.
    0060 - 8e 06 e1 0d e8 f2 e6 84-cc ba 2d 14 22 53 7c cf   ..........-."S|.
    0070 - 70 3a f2 14 e5 e1 2f 0d-2d 84 d7 c9 2a 2f 2f be   p:..../.-...*//.
    0080 - cf 10 38 82 e2 2e 4c f8-50 0a 71 c8 3c f9 2a 6a   ..8...L.P.q.<.*j
    0090 - 17 8c 8e dd 7d cd 92 51-81 61 ee e7 02 ec 5f b4   ....}..Q.a...._.
    00a0 - cb ea fc bd b8 30 7e 87-ed c3 03 8f e0 3b a1 cc   .....0~......;..
    00b0 - f9 8b b8 38 67 c6 0c ea-cc dc 3a e9 76 14 b3 ac   ...8g.....:.v...
    00c0 - da b9 d4 4f 56 6d f8 e6-49 84 9d 39 ac 81 f5 bf   ...OVm..I..9....

    Start Time: 1560796770
    Timeout   : 7200 (sec)
    Verify return code: 0 (ok)
---
