CONNECTED(00000005)
---
Certificate chain
 0 s:/C=US/ST=California/L=Walnut Creek/O=Lucas Garron/CN=*.badssl.com
   i:/C=US/O=DigiCert Inc/CN=DigiCert SHA2 Secure Server CA
 1 s:/C=US/O=DigiCert Inc/CN=DigiCert SHA2 Secure Server CA
   i:/C=US/O=DigiCert Inc/OU=www.digicert.com/CN=DigiCert Global Root CA
---
Server certificate
-----BEGIN CERTIFICATE-----
MIIHGDCCBgCgAwIBAgIQAfICAx39qY79/w9yvlEGDTANBgkqhkiG9w0BAQsFADBN
MQswCQYDVQQGEwJVUzEVMBMGA1UEChMMRGlnaUNlcnQgSW5jMScwJQYDVQQDEx5E
aWdpQ2VydCBTSEEyIFNlY3VyZSBTZXJ2ZXIgQ0EwHhcNMTcwMzE4MDAwMDAwWhcN
MjAwMzI1MTIwMDAwWjBnMQswCQYDVQQGEwJVUzETMBEGA1UECBMKQ2FsaWZvcm5p
YTEVMBMGA1UEBxMMV2FsbnV0IENyZWVrMRUwEwYDVQQKEwxMdWNhcyBHYXJyb24x
FTATBgNVBAMMDCouYmFkc3NsLmNvbTCCASIwDQYJKoZIhvcNAQEBBQADggEPADCC
AQoCggEBAMIE7PiM7gTCs9hQ1XBYzJMY61yoaEmwIrX5lZ6xKyx2PmzAS2BMTOqy
tMAPgLaw+XLJhgL5XEFdEyt/ccRLvOmULlA3pmccYYz2QULFRtMWhyefdOsKnRFS
JiFzbIRMeVXk0WvoBj1IFVKtsyjbqv9u/2CVSndrOfEk0TG23U3AxPxTuW1CrbV8
/q71FdIzSOciccfCFHpsKOo3St/qbLVytH5aohbcabFXRNsKEqveww9HdFxBIuGa
+RuT5q0iBikusbpJHAwnnqP7i/dAcgCskgjZjFeEU4EFy+b+a1SYQCeFxxC7c3Dv
aRhBB0VVfPlkPz0sw6l865MaTIbRyoUCAwEAAaOCA9gwggPUMB8GA1UdIwQYMBaA
FA+AYRyCMWHVLyjnjUY4tCzhxtniMB0GA1UdDgQWBBSd7sF7gQs6R2lxGH0RN5O8
pRs/+zAjBgNVHREEHDAaggwqLmJhZHNzbC5jb22CCmJhZHNzbC5jb20wDgYDVR0P
AQH/BAQDAgWgMB0GA1UdJQQWMBQGCCsGAQUFBwMBBggrBgEFBQcDAjBrBgNVHR8E
ZDBiMC+gLaArhilodHRwOi8vY3JsMy5kaWdpY2VydC5jb20vc3NjYS1zaGEyLWc1
LmNybDAvoC2gK4YpaHR0cDovL2NybDQuZGlnaWNlcnQuY29tL3NzY2Etc2hhMi1n
NS5jcmwwTAYDVR0gBEUwQzA3BglghkgBhv1sAQEwKjAoBggrBgEFBQcCARYcaHR0
cHM6Ly93d3cuZGlnaWNlcnQuY29tL0NQUzAIBgZngQwBAgMwfAYIKwYBBQUHAQEE
cDBuMCQGCCsGAQUFBzABhhhodHRwOi8vb2NzcC5kaWdpY2VydC5jb20wRgYIKwYB
BQUHMAKGOmh0dHA6Ly9jYWNlcnRzLmRpZ2ljZXJ0LmNvbS9EaWdpQ2VydFNIQTJT
ZWN1cmVTZXJ2ZXJDQS5jcnQwDAYDVR0TAQH/BAIwADCCAfUGCisGAQQB1nkCBAIE
ggHlBIIB4QHfAHYApLkJkLQYWBSHuxOizGdwCjw1mAT5G9+443fNDsgN3BAAAAFa
36pBXQAABAMARzBFAiEAzR4KqC0zoD8FzR8Jk0wH3CMLf/j0s/sMFySg5gsIP3oC
IHaSYDQXuInRJq1WHUHIwcdt7AscZAFWgEaCzh+8+QvCAHYAVhQGmi/XwuzT9eG9
RLI+x0Z2ubyZEVzA75SYVdaJ0N0AAAFa36pCiAAABAMARzBFAiBPti1ehDk+YdyW
s4qjScmz9kuzTWor6jQYk8/GZDwRHwIhAPvbr23VquHaId4nvBHit7YGdJXpu7En
UZRQrU1P0lLVAHUA7ku9t3XOYLrhQmkfq+GeZqMPfl+wctiDAMR7iXqo/csAAAFa
36pEWQAABAMARjBEAiBUQkeTNpBWju4/OXnxjOOlowEXos1XsItqfLkajzv6cQIg
QLzLDhSKvxVRNq/4Z1rfbh8iEYM6Hj52NpO9+L0565oAdgC72d+8H4pxtZOUI5eq
kntHOFeVCqtS6BqQlmQ2jh7RhQAAAVrfqkIWAAAEAwBHMEUCIHhqWRiCNNf8h3i2
ADwso5l22FFp8H6jBBp+6B2PaBSUAiEAmk8vYlhgaLLc0Gkc+MkUIZ9sEoLR+tOF
BLatSTQk1EowDQYJKoZIhvcNAQELBQADggEBAGl6hl3sDaxY762cJc5fxNG9Kc/Q
Wvf5YzTLNxIuxEfTsj/Zgm+Q2hFl9enYRj4M1Weo/sw/8Jw9DGSuypOiYXCz9Ikx
0Fc2j/Oq939JU5+ok1AikAeXna4DFTtw8ByIchrU6tbZa/JocSM0WZl7WIrgOtvw
T+qCyI9JgYCnWRbPRfhZrlKxqQpwoP++aFV0HOBR9nj/Rzisq8ZGn7f6HKVxlqHS
lBdhbmcHA/nHgbpwU2bmonivndvnpQHI8Fxd4BzbcRYM+ZIkATWA5/aOvH/EEIb6
kwipaXsqHLfaJq1SY5G097HgWHWCkCUD/pxX6psTTavqftLenSd7piK3+fw=
-----END CERTIFICATE-----
subject=/C=US/ST=California/L=Walnut Creek/O=Lucas Garron/CN=*.badssl.com
issuer=/C=US/O=DigiCert Inc/CN=DigiCert SHA2 Secure Server CA
---
No client certificate CA names sent
Server Temp Key: ECDH, P-256, 256 bits
---
SSL handshake has read 3745 bytes and written 405 bytes
---
New, TLSv1/SSLv3, Cipher is ECDHE-RSA-AES256-SHA384
Server public key is 2048 bit
Secure Renegotiation IS supported
Compression: NONE
Expansion: NONE
No ALPN negotiated
SSL-Session:
    Protocol  : TLSv1.2
    Cipher    : ECDHE-RSA-AES256-SHA384
    Session-ID: E12D93B70BE6155E62D94B6321A8FDB552CBC8CA37FDF792C69019A5AD5C9715
    Session-ID-ctx: 
    Master-Key: 709FA71FBF46246E9968810B800CF142B1F4B3A534EFF437D94D53C5E581D012A3EBA720FE1206D989A4DDDE86E3AE72
    TLS session ticket lifetime hint: 300 (seconds)
    TLS session ticket:
    0000 - 02 b2 c2 5a e5 5a 53 62-ea ff 91 b8 af 55 d4 37   ...Z.ZSb.....U.7
    0010 - 9b f7 26 13 47 af c3 81-39 23 d6 e8 13 d1 eb 7c   ..&.G...9#.....|
    0020 - 8f 3a 0f 95 10 25 20 bb-8e e2 54 68 9a 7c 52 e5   .:...% ...Th.|R.
    0030 - 38 1b 25 cb b8 fe ac 7e-ba 50 60 d8 1d 8b fb 95   8.%....~.P`.....
    0040 - a5 6c b8 d4 a7 f4 26 17-ab 75 75 18 82 25 ba be   .l....&..uu..%..
    0050 - 92 a3 f0 7e 17 76 ea ab-11 08 60 71 ff 49 59 1a   ...~.v....`q.IY.
    0060 - 40 48 12 29 e8 b8 0a b6-51 a8 d2 50 f6 bb 81 12   @H.)....Q..P....
    0070 - f4 be 60 7e 15 d9 a7 3a-d0 e6 66 c5 50 c2 d2 1b   ..`~...:..f.P...
    0080 - 34 f8 69 f3 c7 2b 6f b0-4e fc 50 90 ce 6d a1 19   4.i..+o.N.P..m..
    0090 - db c3 16 bd 73 fd 1c e9-13 d9 35 44 8e ea be f6   ....s.....5D....
    00a0 - 3b ef a1 4f 5e 9b a8 36-c0 25 70 d4 0e 05 64 0e   ;..O^..6.%p...d.
    00b0 - 53 02 5f e8 1f 35 55 fd-12 6a 62 1b 1c d2 4a db   S._..5U..jb...J.

    Start Time: 1560796770
    Timeout   : 7200 (sec)
    Verify return code: 0 (ok)
---
