CONNECTED(00000005)
---
Certificate chain
 0 s:/OU=Domain Control Validated/OU=PositiveSSL Wildcard/CN=*.badssl.com
   i:/C=GB/ST=Greater Manchester/L=Salford/O=COMODO CA Limited/CN=COMODO RSA Domain Validation Secure Server CA
 1 s:/C=GB/ST=Greater Manchester/L=Salford/O=COMODO CA Limited/CN=COMODO RSA Domain Validation Secure Server CA
   i:/C=GB/ST=Greater Manchester/L=Salford/O=COMODO CA Limited/CN=COMODO RSA Certification Authority
 2 s:/C=GB/ST=Greater Manchester/L=Salford/O=COMODO CA Limited/CN=COMODO RSA Certification Authority
   i:/C=SE/O=AddTrust AB/OU=AddTrust External TTP Network/CN=AddTrust External CA Root
---
Server certificate
-----BEGIN CERTIFICATE-----
MIIFSzCCBDOgAwIBAgIQSueVSfqavj8QDxekeOFpCTANBgkqhkiG9w0BAQsFADCB
kDELMAkGA1UEBhMCR0IxGzAZBgNVBAgTEkdyZWF0ZXIgTWFuY2hlc3RlcjEQMA4G
A1UEBxMHU2FsZm9yZDEaMBgGA1UEChMRQ09NT0RPIENBIExpbWl0ZWQxNjA0BgNV
BAMTLUNPTU9ETyBSU0EgRG9tYWluIFZhbGlkYXRpb24gU2VjdXJlIFNlcnZlciBD
QTAeFw0xNTA0MDkwMDAwMDBaFw0xNTA0MTIyMzU5NTlaMFkxITAfBgNVBAsTGERv
bWFpbiBDb250cm9sIFZhbGlkYXRlZDEdMBsGA1UECxMUUG9zaXRpdmVTU0wgV2ls
ZGNhcmQxFTATBgNVBAMUDCouYmFkc3NsLmNvbTCCASIwDQYJKoZIhvcNAQEBBQAD
ggEPADCCAQoCggEBAMIE7PiM7gTCs9hQ1XBYzJMY61yoaEmwIrX5lZ6xKyx2PmzA
S2BMTOqytMAPgLaw+XLJhgL5XEFdEyt/ccRLvOmULlA3pmccYYz2QULFRtMWhyef
dOsKnRFSJiFzbIRMeVXk0WvoBj1IFVKtsyjbqv9u/2CVSndrOfEk0TG23U3AxPxT
uW1CrbV8/q71FdIzSOciccfCFHpsKOo3St/qbLVytH5aohbcabFXRNsKEqveww9H
dFxBIuGa+RuT5q0iBikusbpJHAwnnqP7i/dAcgCskgjZjFeEU4EFy+b+a1SYQCeF
xxC7c3DvaRhBB0VVfPlkPz0sw6l865MaTIbRyoUCAwEAAaOCAdUwggHRMB8GA1Ud
IwQYMBaAFJCvajqUWgvYkOoSVnPfQ7Q6KNrnMB0GA1UdDgQWBBSd7sF7gQs6R2lx
GH0RN5O8pRs/+zAOBgNVHQ8BAf8EBAMCBaAwDAYDVR0TAQH/BAIwADAdBgNVHSUE
FjAUBggrBgEFBQcDAQYIKwYBBQUHAwIwTwYDVR0gBEgwRjA6BgsrBgEEAbIxAQIC
BzArMCkGCCsGAQUFBwIBFh1odHRwczovL3NlY3VyZS5jb21vZG8uY29tL0NQUzAI
BgZngQwBAgEwVAYDVR0fBE0wSzBJoEegRYZDaHR0cDovL2NybC5jb21vZG9jYS5j
b20vQ09NT0RPUlNBRG9tYWluVmFsaWRhdGlvblNlY3VyZVNlcnZlckNBLmNybDCB
hQYIKwYBBQUHAQEEeTB3ME8GCCsGAQUFBzAChkNodHRwOi8vY3J0LmNvbW9kb2Nh
LmNvbS9DT01PRE9SU0FEb21haW5WYWxpZGF0aW9uU2VjdXJlU2VydmVyQ0EuY3J0
MCQGCCsGAQUFBzABhhhodHRwOi8vb2NzcC5jb21vZG9jYS5jb20wIwYDVR0RBBww
GoIMKi5iYWRzc2wuY29tggpiYWRzc2wuY29tMA0GCSqGSIb3DQEBCwUAA4IBAQBq
evHa/wMHcnjFZqFPRkMOXxQhjHUa6zbgH6QQFezaMyV8O7UKxwE4PSf9WNnM6i1p
OXy+l+8L1gtY54x/v7NMHfO3kICmNnwUW+wHLQI+G1tjWxWrAPofOxkt3+IjEBEH
fnJ/4r+3ABuYLyw/zoWaJ4wQIghBK4o+gk783SHGVnRwpDTysUCeK1iiWQ8dSO/r
ET7BSp68ZVVtxqPv1dSWzfGuJ/ekVxQ8lEEFeouhN0fX9X3c+s5vMaKwjOrMEpsi
8TRwz311SotoKQwe6Zaoz7ASH1wq7mcvf71z81oBIgxw+s1F73hczg36TuHvzmWf
RwxPuzZEaFZcVlmtqoq8
-----END CERTIFICATE-----
subject=/OU=Domain Control Validated/OU=PositiveSSL Wildcard/CN=*.badssl.com
issuer=/C=GB/ST=Greater Manchester/L=Salford/O=COMODO CA Limited/CN=COMODO RSA Domain Validation Secure Server CA
---
No client certificate CA names sent
Server Temp Key: ECDH, P-256, 256 bits
---
SSL handshake has read 5003 bytes and written 353 bytes
---
New, TLSv1/SSLv3, Cipher is ECDHE-RSA-AES128-GCM-SHA256
Server public key is 2048 bit
Secure Renegotiation IS supported
Compression: NONE
Expansion: NONE
No ALPN negotiated
SSL-Session:
    Protocol  : TLSv1.2
    Cipher    : ECDHE-RSA-AES128-GCM-SHA256
    Session-ID: BFD6CA71B082F229B7E87E78A831A360B54585E3FD47845E18C3489D20D0B45A
    Session-ID-ctx: 
    Master-Key: E203A876434A025B86FD3A462ADE3E4C0F70BEAB60AD09C21D9E499C9BC28E76DD9EA45AD383CF98BE16DC8B12C82109
    TLS session ticket lifetime hint: 300 (seconds)
    TLS session ticket:
    0000 - 02 b2 c2 5a e5 5a 53 62-ea ff 91 b8 af 55 d4 37   ...Z.ZSb.....U.7
    0010 - ae ba ce a4 a0 18 09 75-57 04 70 cc ed e8 90 cb   .......uW.p.....
    0020 - 4f 10 06 d5 27 c2 ea 18-1f 32 bb 2e 56 58 ed 63   O...'....2..VX.c
    0030 - c1 49 19 fe 12 01 02 1f-b8 6d 0d 29 26 e9 ae 23   .I.......m.)&..#
    0040 - 78 86 64 76 48 1c 6d b9-1b 37 eb c4 5b 99 97 45   x.dvH.m..7..[..E
    0050 - 32 1a 22 d9 22 88 db 6d-62 37 ae e0 90 67 01 9e   2."."..mb7...g..
    0060 - af ff 43 ab d7 52 7b 34-7b 5f eb 28 fc 34 7d 87   ..C..R{4{_.(.4}.
    0070 - 1b a9 79 f8 36 0e 6b 2c-b3 5f a7 bf 94 db d2 bb   ..y.6.k,._......
    0080 - 0a 6c 6c d1 7e 50 cf 55-d4 23 57 b4 5d b7 2a 72   .ll.~P.U.#W.].*r
    0090 - 19 90 db 9a b5 77 d6 19-a7 6a 16 a7 b6 dc 97 f6   .....w...j......
    00a0 - 73 ec 34 b4 89 fe b6 12-09 57 d9 87 b2 cd 2f 88   s.4......W..../.
    00b0 - 39 0c 35 d4 94 5c e9 82-34 40 30 58 45 33 05 d0   9.5..\..4@0XE3..

    Start Time: 1560796770
    Timeout   : 7200 (sec)
    Verify return code: 10 (certificate has expired)
---
