CONNECTED(00000005)
---
Certificate chain
 0 s:/C=US/ST=California/L=Walnut Creek/O=Lucas Garron/CN=*.badssl.com
   i:/C=US/O=DigiCert Inc/CN=DigiCert SHA2 Secure Server CA
 1 s:/C=US/O=DigiCert Inc/CN=DigiCert SHA2 Secure Server CA
   i:/C=US/O=DigiCert Inc/OU=www.digicert.com/CN=DigiCert Global Root CA
---
Server certificate
-----BEGIN CERTIFICATE-----
MIIKGjCCCQKgAwIBAgIQBzlXENwsDjqQ034UkcqPKjANBgkqhkiG9w0BAQsFADBN
MQswCQYDVQQGEwJVUzEVMBMGA1UEChMMRGlnaUNlcnQgSW5jMScwJQYDVQQDEx5E
aWdpQ2VydCBTSEEyIFNlY3VyZSBTZXJ2ZXIgQ0EwHhcNMTcwNDEzMDAwMDAwWhcN
MjAwNDE3MTIwMDAwWjBnMQswCQYDVQQGEwJVUzETMBEGA1UECBMKQ2FsaWZvcm5p
YTEVMBMGA1UEBxMMV2FsbnV0IENyZWVrMRUwEwYDVQQKEwxMdWNhcyBHYXJyb24x
FTATBgNVBAMMDCouYmFkc3NsLmNvbTCCBCIwDQYJKoZIhvcNAQEBBQADggQPADCC
BAoCggQBANoJNMNF0xXVkrzGDYMSdXcoknuUx8I8SX3t+f0ardwUi1QkxwU4GSog
cF2DCtdYLHa6Qalg9zKdPNciI1OQQtbrlAlerLutU5loOQqCEGzPopsfM12swXbu
8aryl0iuNcLW/R2YY/HL0HjyuFo5xnj3zAfzaDMMNqIJ8t0PYAqRU2IiF10v7I2d
OnwkbHyt9kbGzgUckw3yVjLvr8/pcAWxZHCl02FBpxMjkGkvk7vEVOeuKGG2GnDK
+yI74M/hbG+9SpnRJGPNPS5zO8WeMH75Tu417zKJoVpWQRi/MRz8+14BpVF82u+8
GYbH3qcXls0vx2095Nqgbc6auIUz56nfcq2QqTvyfgLQpbdbWMPqKxK1WetPp1hu
GS6U6nmOcI2oIJT6essgNY74cs9FOurpbfSo4GRBggvkCV2TysJypKl5xls8b6rY
VEFqkSKDJ6+viwj9XlN478tKZrTzy7GOqPMRHwz8nGPHyNZSpLj9LXqPI0lWOHlQ
pdF94Z5up061j/PnPCPkHN4+1dERSalnDw+6Lge1ej+X0hy3ZjVs2piVc672uPeE
QnLZidea7X0Pv58HdKajci9Rgt/jiehqNgdcI2Nc/4xIaw3KbSxSaPfp1+rt99Sg
P96uovl+djnfpA5sJcXjNsJDYKOHWt8rukwJzjZ74qKUiA4wqev4+RXR039V39aG
AlUSVo3tlK/K9Jd9biVeqvrr/9fgorZz3vXAdeiqhA0JZuIoM8G+opD/0CSFPV1L
uKfbk2NXyk0izZLu/FRFTSO9lvXmObgs+JHMNNgq20yjlZxCCzWShqbCrPBXmZs+
xF4igYolyAd4uCS73Uq1Nd0Z16bR0YN4poikTm2duu4LN4aPrp+k2qAu3xOkYngT
2fjmgm5ygzKtUZ0j6ogv34swUvW+Sgp2PCXAiIs33EhhKBglZYjZFyYZVOaimkuF
wgjYVSg0NzOb1glgp3TBJOet6CMkmp6iGFnHmJw92/YYBI+gPPBCmZ2OdAPK59oy
DRCFOHbPq0BACY8QP2b9cWmk6YhERkY/S5/vb3qaTh4Gqeymac/IRC0PMwi396N8
llAiAZ939Hi5ZDsE/q2Fb1XoPPBf+S5gjxnoJ5+Q/iHIx7gdkhhK72SoggBNAmBf
8ZDjYN5qOdSZYt3GAQVfMG1OAv7JeJU1XmplH52o2OaHzwRJEbAyISKrRr8Q5OmK
/OK1b54A102z9OXlN/bEmwHLV219oh7a0s4xgnSlelLQKIbmbS05LreHv/CiSGUr
r6r3/XZNGfY0Z8JibxJh0KuXet5MKfz7ZhYOhaQe4dfmPX1wDaCLmgtLt+NlQzhq
Fgh+UFMSmpoXnctVM84eT3h5GSe/Y1UCAwEAAaOCA9owggPWMB8GA1UdIwQYMBaA
FA+AYRyCMWHVLyjnjUY4tCzhxtniMB0GA1UdDgQWBBSc2ShvqNYsg7MwVLMmNmHu
oiaoSTAjBgNVHREEHDAaggwqLmJhZHNzbC5jb22CCmJhZHNzbC5jb20wDgYDVR0P
AQH/BAQDAgWgMB0GA1UdJQQWMBQGCCsGAQUFBwMBBggrBgEFBQcDAjBrBgNVHR8E
ZDBiMC+gLaArhilodHRwOi8vY3JsMy5kaWdpY2VydC5jb20vc3NjYS1zaGEyLWc1
LmNybDAvoC2gK4YpaHR0cDovL2NybDQuZGlnaWNlcnQuY29tL3NzY2Etc2hhMi1n
NS5jcmwwTAYDVR0gBEUwQzA3BglghkgBhv1sAQEwKjAoBggrBgEFBQcCARYcaHR0
cHM6Ly93d3cuZGlnaWNlcnQuY29tL0NQUzAIBgZngQwBAgMwfAYIKwYBBQUHAQEE
cDBuMCQGCCsGAQUFBzABhhhodHRwOi8vb2NzcC5kaWdpY2VydC5jb20wRgYIKwYB
BQUHMAKGOmh0dHA6Ly9jYWNlcnRzLmRpZ2ljZXJ0LmNvbS9EaWdpQ2VydFNIQTJT
ZWN1cmVTZXJ2ZXJDQS5jcnQwDAYDVR0TAQH/BAIwADCCAfcGCisGAQQB1nkCBAIE
ggHnBIIB4wHhAHcApLkJkLQYWBSHuxOizGdwCjw1mAT5G9+443fNDsgN3BAAAAFb
aXkvSAAABAMASDBGAiEAi0X07uN2DFNuutHokwGx2pXasaI+5Pl3YdPl0+SSAEMC
IQDnWM32mgVFsTQLO0/OzM/CWdCB+a8SEM9fQjx5HOLpFgB3AFYUBpov18Ls0/Xh
vUSyPsdGdrm8mRFcwO+UmFXWidDdAAABW2l5MBgAAAQDAEgwRgIhAKn+VVyWEbUb
oJl4BdPE/3+CkshjxkYhn/C5GrtKgkuYAiEAwmg/3dptxvYAhOz5qwhyWNvxc7lQ
/JFrAKIZTDI8QEEAdgDuS723dc5guuFCaR+r4Z5mow9+X7By2IMAxHuJeqj9ywAA
AVtpeTJPAAAEAwBHMEUCIQD/TKN6CiK5s+YlLYXx6Sh0Dzj/XEQFR4N8kKC6Aoee
gAIgD94ZVqiYsvxxXH4DgKusIq6kzcmNK+HadRycggXPGL8AdQC72d+8H4pxtZOU
I5eqkntHOFeVCqtS6BqQlmQ2jh7RhQAAAVtpeTAOAAAEAwBGMEQCIDPfBfFf60ko
Z+D1PiZNew3iJ0WH3rSGgmTpqQFLl97cAiB+vE8prZ6suLlsvJWjfnQq+J/2OIqi
2tE3VSOGuMdrZDANBgkqhkiG9w0BAQsFAAOCAQEA0YGMy9njCSiQ2Wdg+eTRpGOR
0V67H8QYSzCQ99kAZUtD3CWkMJBWdYUEMat6b/l4boaq/nel8P1Pye6hsxAsTtjZ
DZMmKTy0ZgV/Jw3obo7mLTiUKIgCiHt5GrP2/mcbsLyaUa4w6B2oNm8QOF3KBFzg
b9h610r5s2JW7gSiodekRlDUkLuvO6VRppdWeW83iR8mmmg6mSHLn3WAkia9ODTl
diYQuZlVlckm6URL1NnNGVIQk1p6i0FkB+K678F4Hg0/wzDYMgtqVurtsM+yVy+c
4qPHn7ETabl8zK3jmXmcye+qDxLltUUrGjhOaKjgoCYwZWpFC/C4aSY63RHshw==
-----END CERTIFICATE-----
subject=/C=US/ST=California/L=Walnut Creek/O=Lucas Garron/CN=*.badssl.com
issuer=/C=US/O=DigiCert Inc/CN=DigiCert SHA2 Secure Server CA
---
No client certificate CA names sent
Server Temp Key: ECDH, P-256, 256 bits
---
SSL handshake has read 5227 bytes and written 353 bytes
---
New, TLSv1/SSLv3, Cipher is ECDHE-RSA-AES128-GCM-SHA256
Server public key is 8192 bit
Secure Renegotiation IS supported
Compression: NONE
Expansion: NONE
No ALPN negotiated
SSL-Session:
    Protocol  : TLSv1.2
    Cipher    : ECDHE-RSA-AES128-GCM-SHA256
    Session-ID: 696B05499E1D222B6C8325EDCA5410079D7FA60853F0BBDC908ED21DB282F352
    Session-ID-ctx: 
    Master-Key: CEAEDDCD80F430D3393D19F6B47436B086E04E61FCAD065A3A89C3A1E9D21B6EE09794CE038A2F12C74BC9DC4253BE59
    TLS session ticket lifetime hint: 300 (seconds)
    TLS session ticket:
    0000 - 02 b2 c2 5a e5 5a 53 62-ea ff 91 b8 af 55 d4 37   ...Z.ZSb.....U.7
    0010 - 7d 97 03 77 d7 2b 59 52-ba 76 c5 34 2d f4 37 2b   }..w.+YR.v.4-.7+
    0020 - 02 d4 05 64 52 f7 7d c1-39 25 c5 47 16 fb ba e3   ...dR.}.9%.G....
    0030 - f0 95 dd d1 6e 60 74 62-ea f8 87 b3 8c 8d 80 39   ....n`tb.......9
    0040 - 33 bd 53 b7 33 71 cd f8-1e 77 6a 2a c2 2e 18 8b   3.S.3q...wj*....
    0050 - 29 78 5a 0c 3c 86 2d fa-2f 86 ba 61 ed f4 8c 4b   )xZ.<.-./..a...K
    0060 - 26 33 35 5e 7a 01 68 bb-10 c5 e8 bd fc 28 43 62   &35^z.h......(Cb
    0070 - fd d9 e2 5b 87 c7 74 fe-57 00 f2 10 a2 67 25 59   ...[..t.W....g%Y
    0080 - 97 8c b7 4c 9d 35 4f f3-12 d9 30 0f 9d ff 16 78   ...L.5O...0....x
    0090 - a8 5f 76 4d 93 29 e0 09-16 9f dc 2e 79 47 59 11   ._vM.)......yGY.
    00a0 - a6 4f e8 5b 6f b5 e2 ab-6e af 9c e3 85 e8 8f 1d   .O.[o...n.......
    00b0 - b7 02 9e 4a d9 03 bf ed-ef d5 ba e7 59 b3 75 f9   ...J........Y.u.

    Start Time: 1560796770
    Timeout   : 7200 (sec)
    Verify return code: 0 (ok)
---
