CONNECTED(00000005)
---
Certificate chain
 0 s:/C=US/ST=California/L=Walnut Creek/O=Lucas Garron/CN=*.badssl.com
   i:/C=US/O=DigiCert Inc/CN=DigiCert SHA2 Secure Server CA
 1 s:/C=US/O=DigiCert Inc/CN=DigiCert SHA2 Secure Server CA
   i:/C=US/O=DigiCert Inc/OU=www.digicert.com/CN=DigiCert Global Root CA
---
Server certificate
-----BEGIN CERTIFICATE-----
MIIHGDCCBgCgAwIBAgIQAfICAx39qY79/w9yvlEGDTANBgkqhkiG9w0BAQsFADBN
MQswCQYDVQQGEwJVUzEVMBMGA1UEChMMRGlnaUNlcnQgSW5jMScwJQYDVQQDEx5E
aWdpQ2VydCBTSEEyIFNlY3VyZSBTZXJ2ZXIgQ0EwHhcNMTcwMzE4MDAwMDAwWhcN
MjAwMzI1MTIwMDAwWjBnMQswCQYDVQQGEwJVUzETMBEGA1UECBMKQ2FsaWZvcm5p
YTEVMBMGA1UEBxMMV2FsbnV0IENyZWVrMRUwEwYDVQQKEwxMdWNhcyBHYXJyb24x
FTATBgNVBAMMDCouYmFkc3NsLmNvbTCCASIwDQYJKoZIhvcNAQEBBQADggEPADCC
AQoCggEBAMIE7PiM7gTCs9hQ1XBYzJMY61yoaEmwIrX5lZ6xKyx2PmzAS2BMTOqy
tMAPgLaw+XLJhgL5XEFdEyt/ccRLvOmULlA3pmccYYz2QULFRtMWhyefdOsKnRFS
JiFzbIRMeVXk0WvoBj1IFVKtsyjbqv9u/2CVSndrOfEk0TG23U3AxPxTuW1CrbV8
/q71FdIzSOciccfCFHpsKOo3St/qbLVytH5aohbcabFXRNsKEqveww9HdFxBIuGa
+RuT5q0iBikusbpJHAwnnqP7i/dAcgCskgjZjFeEU4EFy+b+a1SYQCeFxxC7c3Dv
aRhBB0VVfPlkPz0sw6l865MaTIbRyoUCAwEAAaOCA9gwggPUMB8GA1UdIwQYMBaA
FA+AYRyCMWHVLyjnjUY4tCzhxtniMB0GA1UdDgQWBBSd7sF7gQs6R2lxGH0RN5O8
pRs/+zAjBgNVHREEHDAaggwqLmJhZHNzbC5jb22CCmJhZHNzbC5jb20wDgYDVR0P
AQH/BAQDAgWgMB0GA1UdJQQWMBQGCCsGAQUFBwMBBggrBgEFBQcDAjBrBgNVHR8E
ZDBiMC+gLaArhilodHRwOi8vY3JsMy5kaWdpY2VydC5jb20vc3NjYS1zaGEyLWc1
LmNybDAvoC2gK4YpaHR0cDovL2NybDQuZGlnaWNlcnQuY29tL3NzY2Etc2hhMi1n
NS5jcmwwTAYDVR0gBEUwQzA3BglghkgBhv1sAQEwKjAoBggrBgEFBQcCARYcaHR0
cHM6Ly93d3cuZGlnaWNlcnQuY29tL0NQUzAIBgZngQwBAgMwfAYIKwYBBQUHAQEE
cDBuMCQGCCsGAQUFBzABhhhodHRwOi8vb2NzcC5kaWdpY2VydC5jb20wRgYIKwYB
BQUHMAKGOmh0dHA6Ly9jYWNlcnRzLmRpZ2ljZXJ0LmNvbS9EaWdpQ2VydFNIQTJT
ZWN1cmVTZXJ2ZXJDQS5jcnQwDAYDVR0TAQH/BAIwADCCAfUGCisGAQQB1nkCBAIE
ggHlBIIB4QHfAHYApLkJkLQYWBSHuxOizGdwCjw1mAT5G9+443fNDsgN3BAAAAFa
36pBXQAABAMARzBFAiEAzR4KqC0zoD8FzR8Jk0wH3CMLf/j0s/sMFySg5gsIP3oC
IHaSYDQXuInRJq1WHUHIwcdt7AscZAFWgEaCzh+8+QvCAHYAVhQGmi/XwuzT9eG9
RLI+x0Z2ubyZEVzA75SYVdaJ0N0AAAFa36pCiAAABAMARzBFAiBPti1ehDk+YdyW
s4qjScmz9kuzTWor6jQYk8/GZDwRHwIhAPvbr23VquHaId4nvBHit7YGdJXpu7En
UZRQrU1P0lLVAHUA7ku9t3XOYLrhQmkfq+GeZqMPfl+wctiDAMR7iXqo/csAAAFa
36pEWQAABAMARjBEAiBUQkeTNpBWju4/OXnxjOOlowEXos1XsItqfLkajzv6cQIg
QLzLDhSKvxVRNq/4Z1rfbh8iEYM6Hj52NpO9+L0565oAdgC72d+8H4pxtZOUI5eq
kntHOFeVCqtS6BqQlmQ2jh7RhQAAAVrfqkIWAAAEAwBHMEUCIHhqWRiCNNf8h3i2
ADwso5l22FFp8H6jBBp+6B2PaBSUAiEAmk8vYlhgaLLc0Gkc+MkUIZ9sEoLR+tOF
BLatSTQk1EowDQYJKoZIhvcNAQELBQADggEBAGl6hl3sDaxY762cJc5fxNG9Kc/Q
Wvf5YzTLNxIuxEfTsj/Zgm+Q2hFl9enYRj4M1Weo/sw/8Jw9DGSuypOiYXCz9Ikx
0Fc2j/Oq939JU5+ok1AikAeXna4DFTtw8ByIchrU6tbZa/JocSM0WZl7WIrgOtvw
T+qCyI9JgYCnWRbPRfhZrlKxqQpwoP++aFV0HOBR9nj/Rzisq8ZGn7f6HKVxlqHS
lBdhbmcHA/nHgbpwU2bmonivndvnpQHI8Fxd4BzbcRYM+ZIkATWA5/aOvH/EEIb6
kwipaXsqHLfaJq1SY5G097HgWHWCkCUD/pxX6psTTavqftLenSd7piK3+fw=
-----END CERTIFICATE-----
subject=/C=US/ST=California/L=Walnut Creek/O=Lucas Garron/CN=*.badssl.com
issuer=/C=US/O=DigiCert Inc/CN=DigiCert SHA2 Secure Server CA
---
No client certificate CA names sent
Server Temp Key: ECDH, P-256, 256 bits
---
SSL handshake has read 3689 bytes and written 354 bytes
---
New, TLSv1/SSLv3, Cipher is ECDHE-RSA-AES128-GCM-SHA256
Server public key is 2048 bit
Secure Renegotiation IS supported
Compression: NONE
Expansion: NONE
No ALPN negotiated
SSL-Session:
    Protocol  : TLSv1.2
    Cipher    : ECDHE-RSA-AES128-GCM-SHA256
    Session-ID: A97B63AF886E8332EBC9A31213A2709BA91A5D51C9FB8667CC5D4E4BD6035553
    Session-ID-ctx: 
    Master-Key: 889948FD7240A46FD5FE45AE0E606906D127E1402802C5ECAEB1B91E786ACBAD32F56E36756FC251AAE971C36BE46C52
    TLS session ticket lifetime hint: 300 (seconds)
    TLS session ticket:
    0000 - 02 b2 c2 5a e5 5a 53 62-ea ff 91 b8 af 55 d4 37   ...Z.ZSb.....U.7
    0010 - 40 47 f8 b1 c8 a6 e9 a4-7e e8 6d 48 4a 7b 9a b4   @G......~.mHJ{..
    0020 - 9e 03 4f 4b 1b 35 01 71-24 a2 0a b2 f7 d6 46 70   ..OK.5.q$.....Fp
    0030 - b4 92 3a 2a eb 18 f9 6c-c5 51 b7 c1 9e d3 b1 f4   ..:*...l.Q......
    0040 - 3d 0d 84 99 a2 0d 99 1d-eb 73 5f ae b2 f2 26 c8   =........s_...&.
    0050 - 8c f8 71 22 ed 97 31 d7-fa dd f1 96 8e ad 51 94   ..q"..1.......Q.
    0060 - 50 64 04 a9 6e 15 8f d2-7f 3b d1 d7 3c c0 75 88   Pd..n....;..<.u.
    0070 - a9 bf 44 6f 36 1f dc cf-e8 37 a7 49 9e ba c5 6d   ..Do6....7.I...m
    0080 - 8b c4 01 54 38 14 a0 76-87 91 69 b1 cf 49 e7 62   ...T8..v..i..I.b
    0090 - 15 ac a3 d9 d4 24 40 bc-98 22 f6 60 9b a7 c4 06   .....$@..".`....
    00a0 - 53 71 4b 78 2b c4 e9 4f-f7 25 f6 d9 57 a3 95 e5   SqKx+..O.%..W...
    00b0 - 2a 52 9d ea 0d f5 69 d6-f1 51 b4 3b b5 2e e5 91   *R....i..Q.;....

    Start Time: 1560796770
    Timeout   : 7200 (sec)
    Verify return code: 0 (ok)
---
