CONNECTED(00000005)
---
Certificate chain
 0 s:/C=US/ST=California/L=Walnut Creek/O=Lucas Garron/CN=*.badssl.com
   i:/C=US/O=DigiCert Inc/CN=DigiCert SHA2 Secure Server CA
 1 s:/C=US/O=DigiCert Inc/CN=DigiCert SHA2 Secure Server CA
   i:/C=US/O=DigiCert Inc/OU=www.digicert.com/CN=DigiCert Global Root CA
---
Server certificate
-----BEGIN CERTIFICATE-----
MIIHGDCCBgCgAwIBAgIQAfICAx39qY79/w9yvlEGDTANBgkqhkiG9w0BAQsFADBN
MQswCQYDVQQGEwJVUzEVMBMGA1UEChMMRGlnaUNlcnQgSW5jMScwJQYDVQQDEx5E
aWdpQ2VydCBTSEEyIFNlY3VyZSBTZXJ2ZXIgQ0EwHhcNMTcwMzE4MDAwMDAwWhcN
MjAwMzI1MTIwMDAwWjBnMQswCQYDVQQGEwJVUzETMBEGA1UECBMKQ2FsaWZvcm5p
YTEVMBMGA1UEBxMMV2FsbnV0IENyZWVrMRUwEwYDVQQKEwxMdWNhcyBHYXJyb24x
FTATBgNVBAMMDCouYmFkc3NsLmNvbTCCASIwDQYJKoZIhvcNAQEBBQADggEPADCC
AQoCggEBAMIE7PiM7gTCs9hQ1XBYzJMY61yoaEmwIrX5lZ6xKyx2PmzAS2BMTOqy
tMAPgLaw+XLJhgL5XEFdEyt/ccRLvOmULlA3pmccYYz2QULFRtMWhyefdOsKnRFS
JiFzbIRMeVXk0WvoBj1IFVKtsyjbqv9u/2CVSndrOfEk0TG23U3AxPxTuW1CrbV8
/q71FdIzSOciccfCFHpsKOo3St/qbLVytH5aohbcabFXRNsKEqveww9HdFxBIuGa
+RuT5q0iBikusbpJHAwnnqP7i/dAcgCskgjZjFeEU4EFy+b+a1SYQCeFxxC7c3Dv
aRhBB0VVfPlkPz0sw6l865MaTIbRyoUCAwEAAaOCA9gwggPUMB8GA1UdIwQYMBaA
FA+AYRyCMWHVLyjnjUY4tCzhxtniMB0GA1UdDgQWBBSd7sF7gQs6R2lxGH0RN5O8
pRs/+zAjBgNVHREEHDAaggwqLmJhZHNzbC5jb22CCmJhZHNzbC5jb20wDgYDVR0P
AQH/BAQDAgWgMB0GA1UdJQQWMBQGCCsGAQUFBwMBBggrBgEFBQcDAjBrBgNVHR8E
ZDBiMC+gLaArhilodHRwOi8vY3JsMy5kaWdpY2VydC5jb20vc3NjYS1zaGEyLWc1
LmNybDAvoC2gK4YpaHR0cDovL2NybDQuZGlnaWNlcnQuY29tL3NzY2Etc2hhMi1n
NS5jcmwwTAYDVR0gBEUwQzA3BglghkgBhv1sAQEwKjAoBggrBgEFBQcCARYcaHR0
cHM6Ly93d3cuZGlnaWNlcnQuY29tL0NQUzAIBgZngQwBAgMwfAYIKwYBBQUHAQEE
cDBuMCQGCCsGAQUFBzABhhhodHRwOi8vb2NzcC5kaWdpY2VydC5jb20wRgYIKwYB
BQUHMAKGOmh0dHA6Ly9jYWNlcnRzLmRpZ2ljZXJ0LmNvbS9EaWdpQ2VydFNIQTJT
ZWN1cmVTZXJ2ZXJDQS5jcnQwDAYDVR0TAQH/BAIwADCCAfUGCisGAQQB1nkCBAIE
ggHlBIIB4QHfAHYApLkJkLQYWBSHuxOizGdwCjw1mAT5G9+443fNDsgN3BAAAAFa
36pBXQAABAMARzBFAiEAzR4KqC0zoD8FzR8Jk0wH3CMLf/j0s/sMFySg5gsIP3oC
IHaSYDQXuInRJq1WHUHIwcdt7AscZAFWgEaCzh+8+QvCAHYAVhQGmi/XwuzT9eG9
RLI+x0Z2ubyZEVzA75SYVdaJ0N0AAAFa36pCiAAABAMARzBFAiBPti1ehDk+YdyW
s4qjScmz9kuzTWor6jQYk8/GZDwRHwIhAPvbr23VquHaId4nvBHit7YGdJXpu7En
UZRQrU1P0lLVAHUA7ku9t3XOYLrhQmkfq+GeZqMPfl+wctiDAMR7iXqo/csAAAFa
36pEWQAABAMARjBEAiBUQkeTNpBWju4/OXnxjOOlowEXos1XsItqfLkajzv6cQIg
QLzLDhSKvxVRNq/4Z1rfbh8iEYM6Hj52NpO9+L0565oAdgC72d+8H4pxtZOUI5eq
kntHOFeVCqtS6BqQlmQ2jh7RhQAAAVrfqkIWAAAEAwBHMEUCIHhqWRiCNNf8h3i2
ADwso5l22FFp8H6jBBp+6B2PaBSUAiEAmk8vYlhgaLLc0Gkc+MkUIZ9sEoLR+tOF
BLatSTQk1EowDQYJKoZIhvcNAQELBQADggEBAGl6hl3sDaxY762cJc5fxNG9Kc/Q
Wvf5YzTLNxIuxEfTsj/Zgm+Q2hFl9enYRj4M1Weo/sw/8Jw9DGSuypOiYXCz9Ikx
0Fc2j/Oq939JU5+ok1AikAeXna4DFTtw8ByIchrU6tbZa/JocSM0WZl7WIrgOtvw
T+qCyI9JgYCnWRbPRfhZrlKxqQpwoP++aFV0HOBR9nj/Rzisq8ZGn7f6HKVxlqHS
lBdhbmcHA/nHgbpwU2bmonivndvnpQHI8Fxd4BzbcRYM+ZIkATWA5/aOvH/EEIb6
kwipaXsqHLfaJq1SY5G097HgWHWCkCUD/pxX6psTTavqftLenSd7piK3+fw=
-----END CERTIFICATE-----
subject=/C=US/ST=California/L=Walnut Creek/O=Lucas Garron/CN=*.badssl.com
issuer=/C=US/O=DigiCert Inc/CN=DigiCert SHA2 Secure Server CA
---
No client certificate CA names sent
Server Temp Key: ECDH, P-256, 256 bits
---
SSL handshake has read 3705 bytes and written 356 bytes
---
New, TLSv1/SSLv3, Cipher is ECDHE-RSA-AES128-GCM-SHA256
Server public key is 2048 bit
Secure Renegotiation IS supported
Compression: NONE
Expansion: NONE
No ALPN negotiated
SSL-Session:
    Protocol  : TLSv1.2
    Cipher    : ECDHE-RSA-AES128-GCM-SHA256
    Session-ID: C4E08C2968000EC5473218F92B30E5E3629EF78201EC535AD127F0122176B495
    Session-ID-ctx: 
    Master-Key: 0CDD1905EA689BD032F570472E63920CF5AFA7CE7D39624E2398D3FCFEA39FA42561707789B2778E98956C541EEE9521
    TLS session ticket lifetime hint: 300 (seconds)
    TLS session ticket:
    0000 - 02 b2 c2 5a e5 5a 53 62-ea ff 91 b8 af 55 d4 37   ...Z.ZSb.....U.7
    0010 - 41 71 45 d4 7d a6 9e 27-9d a2 49 2f 6d 97 54 58   AqE.}..'..I/m.TX
    0020 - e7 8c 65 98 c7 15 ab 2f-28 7b f3 be 7d c3 48 70   ..e..../({..}.Hp
    0030 - cf 76 51 d2 75 0f 0e c9-d7 66 1e c2 30 53 78 a4   .vQ.u....f..0Sx.
    0040 - 7c ce 3d dc bf 90 40 1b-90 65 7c b2 39 0a a0 2f   |.=...@..e|.9../
    0050 - f1 45 f1 07 ea ff 0c 0b-bd 30 64 58 cb af 4e 14   .E.......0dX..N.
    0060 - db d5 67 8f 69 32 e9 9a-68 55 a2 32 1e e0 51 8e   ..g.i2..hU.2..Q.
    0070 - 67 9a 66 11 1a ba d7 eb-f8 ad 8e 6e 07 ab ec af   g.f........n....
    0080 - 99 32 70 fe 22 d8 53 d6-59 1b 1a d5 cf 67 46 96   .2p.".S.Y....gF.
    0090 - b0 7f 0c 60 1e 7f b1 38-b5 c9 33 60 65 c6 66 74   ...`...8..3`e.ft
    00a0 - 0d b8 04 b2 09 3c b3 0f-59 fb 2e a6 5b 15 f6 d9   .....<..Y...[...
    00b0 - 31 fc 10 02 a1 6b 73 5d-f8 1b 01 90 04 51 63 50   1....ks].....QcP
    00c0 - d0 38 4a c1 d3 10 d5 13-c2 e3 18 32 38 e9 f5 e8   .8J........28...

    Start Time: 1560796770
    Timeout   : 7200 (sec)
    Verify return code: 0 (ok)
---
