CONNECTED(00000005)
---
Certificate chain
 0 s:/OU=Domain Control Validated/OU=PositiveSSL Wildcard/CN=*.badssl.com
   i:/C=GB/ST=Greater Manchester/L=Salford/O=COMODO CA Limited/CN=COMODO RSA Domain Validation Secure Server CA
 1 s:/C=GB/ST=Greater Manchester/L=Salford/O=COMODO CA Limited/CN=COMODO RSA Domain Validation Secure Server CA
   i:/C=GB/ST=Greater Manchester/L=Salford/O=COMODO CA Limited/CN=COMODO RSA Certification Authority
 2 s:/C=GB/ST=Greater Manchester/L=Salford/O=COMODO CA Limited/CN=COMODO RSA Certification Authority
   i:/C=SE/O=AddTrust AB/OU=AddTrust External TTP Network/CN=AddTrust External CA Root
---
Server certificate
-----BEGIN CERTIFICATE-----
MIIFSzCCBDOgAwIBAgIQSueVSfqavj8QDxekeOFpCTANBgkqhkiG9w0BAQsFADCB
kDELMAkGA1UEBhMCR0IxGzAZBgNVBAgTEkdyZWF0ZXIgTWFuY2hlc3RlcjEQMA4G
A1UEBxMHU2FsZm9yZDEaMBgGA1UEChMRQ09NT0RPIENBIExpbWl0ZWQxNjA0BgNV
BAMTLUNPTU9ETyBSU0EgRG9tYWluIFZhbGlkYXRpb24gU2VjdXJlIFNlcnZlciBD
QTAeFw0xNTA0MDkwMDAwMDBaFw0xNTA0MTIyMzU5NTlaMFkxITAfBgNVBAsTGERv
bWFpbiBDb250cm9sIFZhbGlkYXRlZDEdMBsGA1UECxMUUG9zaXRpdmVTU0wgV2ls
ZGNhcmQxFTATBgNVBAMUDCouYmFkc3NsLmNvbTCCASIwDQYJKoZIhvcNAQEBBQAD
ggEPADCCAQoCggEBAMIE7PiM7gTCs9hQ1XBYzJMY61yoaEmwIrX5lZ6xKyx2PmzA
S2BMTOqytMAPgLaw+XLJhgL5XEFdEyt/ccRLvOmULlA3pmccYYz2QULFRtMWhyef
dOsKnRFSJiFzbIRMeVXk0WvoBj1IFVKtsyjbqv9u/2CVSndrOfEk0TG23U3AxPxT
uW1CrbV8/q71FdIzSOciccfCFHpsKOo3St/qbLVytH5aohbcabFXRNsKEqveww9H
dFxBIuGa+RuT5q0iBikusbpJHAwnnqP7i/dAcgCskgjZjFeEU4EFy+b+a1SYQCeF
xxC7c3DvaRhBB0VVfPlkPz0sw6l865MaTIbRyoUCAwEAAaOCAdUwggHRMB8GA1Ud
IwQYMBaAFJCvajqUWgvYkOoSVnPfQ7Q6KNrnMB0GA1UdDgQWBBSd7sF7gQs6R2lx
GH0RN5O8pRs/+zAOBgNVHQ8BAf8EBAMCBaAwDAYDVR0TAQH/BAIwADAdBgNVHSUE
FjAUBggrBgEFBQcDAQYIKwYBBQUHAwIwTwYDVR0gBEgwRjA6BgsrBgEEAbIxAQIC
BzArMCkGCCsGAQUFBwIBFh1odHRwczovL3NlY3VyZS5jb21vZG8uY29tL0NQUzAI
BgZngQwBAgEwVAYDVR0fBE0wSzBJoEegRYZDaHR0cDovL2NybC5jb21vZG9jYS5j
b20vQ09NT0RPUlNBRG9tYWluVmFsaWRhdGlvblNlY3VyZVNlcnZlckNBLmNybDCB
hQYIKwYBBQUHAQEEeTB3ME8GCCsGAQUFBzAChkNodHRwOi8vY3J0LmNvbW9kb2Nh
LmNvbS9DT01PRE9SU0FEb21haW5WYWxpZGF0aW9uU2VjdXJlU2VydmVyQ0EuY3J0
MCQGCCsGAQUFBzABhhhodHRwOi8vb2NzcC5jb21vZG9jYS5jb20wIwYDVR0RBBww
GoIMKi5iYWRzc2wuY29tggpiYWRzc2wuY29tMA0GCSqGSIb3DQEBCwUAA4IBAQBq
evHa/wMHcnjFZqFPRkMOXxQhjHUa6zbgH6QQFezaMyV8O7UKxwE4PSf9WNnM6i1p
OXy+l+8L1gtY54x/v7NMHfO3kICmNnwUW+wHLQI+G1tjWxWrAPofOxkt3+IjEBEH
fnJ/4r+3ABuYLyw/zoWaJ4wQIghBK4o+gk783SHGVnRwpDTysUCeK1iiWQ8dSO/r
ET7BSp68ZVVtxqPv1dSWzfGuJ/ekVxQ8lEEFeouhN0fX9X3c+s5vMaKwjOrMEpsi
8TRwz311SotoKQwe6Zaoz7ASH1wq7mcvf71z81oBIgxw+s1F73hczg36TuHvzmWf
RwxPuzZEaFZcVlmtqoq8
-----END CERTIFICATE-----
subject=/OU=Domain Control Validated/OU=PositiveSSL Wildcard/CN=*.badssl.com
issuer=/C=GB/ST=Greater Manchester/L=Salford/O=COMODO CA Limited/CN=COMODO RSA Domain Validation Secure Server CA
---
No client certificate CA names sent
Server Temp Key: ECDH, P-256, 256 bits
---
SSL handshake has read 5003 bytes and written 353 bytes
---
New, TLSv1/SSLv3, Cipher is ECDHE-RSA-AES128-GCM-SHA256
Server public key is 2048 bit
Secure Renegotiation IS supported
Compression: NONE
Expansion: NONE
No ALPN negotiated
SSL-Session:
    Protocol  : TLSv1.2
    Cipher    : ECDHE-RSA-AES128-GCM-SHA256
    Session-ID: 2ABE72C1D2B93FFD62BCDFB400A0F33301291C9328711EECA8BB7A3B1FDD894C
    Session-ID-ctx: 
    Master-Key: 16B0C80F3771E264782866E4DFDA12E771E6849D7B5E26E5EFC2CB8A2E3A939B7401ACC966B8CF81416E368792A26321
    TLS session ticket lifetime hint: 300 (seconds)
    TLS session ticket:
    0000 - 02 b2 c2 5a e5 5a 53 62-ea ff 91 b8 af 55 d4 37   ...Z.ZSb.....U.7
    0010 - 35 bf 80 59 d4 e4 13 71-69 b6 e3 d2 a3 46 c5 90   5..Y...qi....F..
    0020 - 07 f8 d7 cd 51 f1 e9 d8-b3 b7 de 05 28 ac 9c 2c   ....Q.......(..,
    0030 - 7a 52 d5 48 d5 a3 18 f7-4e fe 2a 0c 29 49 dc 31   zR.H....N.*.)I.1
    0040 - 4c 89 6c 09 f5 b5 24 43-02 94 de d3 fc 81 80 22   L.l...$C......."
    0050 - e1 8c e9 c3 09 d7 1f fc-71 e0 13 12 2d 85 70 e2   ........q...-.p.
    0060 - db 61 03 59 e2 a7 a6 30-9c 88 13 48 06 59 21 dc   .a.Y...0...H.Y!.
    0070 - fc 57 e9 38 c3 fd 43 a2-35 af fd 5f 73 27 3a 35   .W.8..C.5.._s':5
    0080 - 57 2d ea a9 c5 ec 22 fc-63 89 01 f0 af 05 60 80   W-....".c.....`.
    0090 - 7b 64 a2 a5 df b4 34 e7-02 a5 4c 7b f4 1d 5a 7c   {d....4...L{..Z|
    00a0 - cc ae bf 20 b2 5d 7e 59-31 dd 7b 18 7e 3f 4c 2f   ... .]~Y1.{.~?L/
    00b0 - 61 1e 7b 09 0d 5e e2 8b-93 f3 60 24 1a 1c 8e d6   a.{..^....`$....

    Start Time: 1560794876
    Timeout   : 7200 (sec)
    Verify return code: 10 (certificate has expired)
---
